This file contains any messages produced by compilers while
running configure, to aid debugging if configure makes a mistake.

It was created by patch configure 2.5.8, which was
generated by GNU Autoconf 2.53.  Invocation command line was

  $ ../patch/configure LD=/Users/ariel/private-bin/ld CC=/Users/ariel/private-bin/clang CXX=/Users/ariel/private-bin/clang++ CPPFLAGS=-arch x86_64 -arch i386 -isystem/Users/ariel/git/darling/Developer/Platforms/MacOSX.platform/Developer/SDKs/MacOSX.sdk/usr/include -isystem/Users/ariel/arch/build/darling/Developer/Platforms/MacOSX.platform/Developer/SDKs/MacOSX.sdk/usr/include -isystem/Users/ariel/git/darling/framework-include -DDARLING CFLAGS=-mdynamic-no-pic -Wformat-security

## --------- ##
## Platform. ##
## --------- ##

hostname = ARI-PAVILION.cfl.rr.com
uname -m = x86_64
uname -r = 19.6.0
uname -s = Darwin
uname -v = Darwin Kernel Version 19.6.0: Sun Jul  5 00:43:10 PDT 2020; root:xnu-6153.141.1~9/RELEASE_X86_64

/usr/bin/uname -p = i386
/bin/uname -X     = unknown

/bin/arch              = unknown
/usr/bin/arch -k       = unknown
/usr/convex/getsysinfo = unknown
hostinfo               = Mach kernel version:
	 Darwin Kernel Version 19.6.0: Sun Jul  5 00:43:10 PDT 2020; root:xnu-6153.141.1~9/RELEASE_X86_64
Kernel configured for up to 12 processors.
6 processors are physically available.
12 processors are logically available.
Processor type: x86_64h (Intel x86-64h Haswell)
Processors active: 0 1 2 3 4 5 6 7 8 9 10 11
Primary memory available: 12.00 gigabytes
Default processor set: 391 tasks, 1731 threads, 12 processors
Load average: 1.02, Mach factor: 10.97
/bin/machine           = unknown
/usr/bin/oslevel       = unknown
/bin/universe          = unknown

PATH: /Users/ariel/.cargo/bin
PATH: /Users/ariel/.nvm/versions/node/v14.6.0/bin
PATH: /Users/ariel/.cargo/bin
PATH: /Users/ariel/bin
PATH: /Users/ariel/private-bin
PATH: /usr/local/bin
PATH: /usr/bin
PATH: /bin
PATH: /usr/sbin
PATH: /sbin
PATH: /Library/TeX/texbin
PATH: /Library/Apple/usr/bin
PATH: /Users/ariel/Library/Python/3.8/bin


## ----------- ##
## Core tests. ##
## ----------- ##

configure:1273: checking for gcc
configure:1299: result: /Users/ariel/private-bin/clang
configure:1543: checking for C compiler version
configure:1546: /Users/ariel/private-bin/clang --version </dev/null >&5
Apple clang version 11.0.3 (clang-1103.0.32.62)
Target: x86_64-apple-darwin19.6.0
Thread model: posix
InstalledDir: /Applications/Xcode.app/Contents/Developer/Toolchains/XcodeDefault.xctoolchain/usr/bin
configure:1549: $? = 0
configure:1551: /Users/ariel/private-bin/clang -v </dev/null >&5
Apple clang version 11.0.3 (clang-1103.0.32.62)
Target: x86_64-apple-darwin19.6.0
Thread model: posix
InstalledDir: /Applications/Xcode.app/Contents/Developer/Toolchains/XcodeDefault.xctoolchain/usr/bin
configure:1554: $? = 0
configure:1556: /Users/ariel/private-bin/clang -V </dev/null >&5
clang: error: unsupported option '-V -Wno-objc-signed-char-bool-implicit-int-conversion'
clang: error: no input files
configure:1559: $? = 1
configure:1585: checking for C compiler default output
configure:1588: /Users/ariel/private-bin/clang -mdynamic-no-pic -Wformat-security -arch x86_64 -arch i386 -isystem/Users/ariel/git/darling/Developer/Platforms/MacOSX.platform/Developer/SDKs/MacOSX.sdk/usr/include -isystem/Users/ariel/arch/build/darling/Developer/Platforms/MacOSX.platform/Developer/SDKs/MacOSX.sdk/usr/include -isystem/Users/ariel/git/darling/framework-include -DDARLING  conftest.c  >&5
configure:1591: $? = 0
configure:1624: result: a.out
configure:1629: checking whether the C compiler works
configure:1635: ./a.out
configure:1638: $? = 0
configure:1653: result: yes
configure:1660: checking whether we are cross compiling
configure:1662: result: no
configure:1665: checking for suffix of executables
configure:1667: /Users/ariel/private-bin/clang -o conftest -mdynamic-no-pic -Wformat-security -arch x86_64 -arch i386 -isystem/Users/ariel/git/darling/Developer/Platforms/MacOSX.platform/Developer/SDKs/MacOSX.sdk/usr/include -isystem/Users/ariel/arch/build/darling/Developer/Platforms/MacOSX.platform/Developer/SDKs/MacOSX.sdk/usr/include -isystem/Users/ariel/git/darling/framework-include -DDARLING  conftest.c  >&5
configure:1670: $? = 0
configure:1692: result: 
configure:1698: checking for suffix of object files
configure:1722: /Users/ariel/private-bin/clang -c -mdynamic-no-pic -Wformat-security -arch x86_64 -arch i386 -isystem/Users/ariel/git/darling/Developer/Platforms/MacOSX.platform/Developer/SDKs/MacOSX.sdk/usr/include -isystem/Users/ariel/arch/build/darling/Developer/Platforms/MacOSX.platform/Developer/SDKs/MacOSX.sdk/usr/include -isystem/Users/ariel/git/darling/framework-include -DDARLING conftest.c >&5
configure:1725: $? = 0
configure:1744: result: o
configure:1748: checking whether we are using the GNU C compiler
configure:1775: /Users/ariel/private-bin/clang -c -mdynamic-no-pic -Wformat-security -arch x86_64 -arch i386 -isystem/Users/ariel/git/darling/Developer/Platforms/MacOSX.platform/Developer/SDKs/MacOSX.sdk/usr/include -isystem/Users/ariel/arch/build/darling/Developer/Platforms/MacOSX.platform/Developer/SDKs/MacOSX.sdk/usr/include -isystem/Users/ariel/git/darling/framework-include -DDARLING conftest.c >&5
configure:1778: $? = 0
configure:1781: test -s conftest.o
configure:1784: $? = 0
configure:1796: result: yes
configure:1802: checking whether /Users/ariel/private-bin/clang accepts -g
configure:1826: /Users/ariel/private-bin/clang -c -g -arch x86_64 -arch i386 -isystem/Users/ariel/git/darling/Developer/Platforms/MacOSX.platform/Developer/SDKs/MacOSX.sdk/usr/include -isystem/Users/ariel/arch/build/darling/Developer/Platforms/MacOSX.platform/Developer/SDKs/MacOSX.sdk/usr/include -isystem/Users/ariel/git/darling/framework-include -DDARLING conftest.c >&5
configure:1829: $? = 0
configure:1832: test -s conftest.o
configure:1835: $? = 0
configure:1845: result: yes
configure:1872: /Users/ariel/private-bin/clang -c -mdynamic-no-pic -Wformat-security -arch x86_64 -arch i386 -isystem/Users/ariel/git/darling/Developer/Platforms/MacOSX.platform/Developer/SDKs/MacOSX.sdk/usr/include -isystem/Users/ariel/arch/build/darling/Developer/Platforms/MacOSX.platform/Developer/SDKs/MacOSX.sdk/usr/include -isystem/Users/ariel/git/darling/framework-include -DDARLING conftest.c >&5
conftest.c:2:3: error: unknown type name 'choke'
  choke me
  ^
conftest.c:2:11: error: expected ';' after top level declarator
  choke me
          ^
          ;
2 errors generated.
configure:1875: $? = 1
configure: failed program was:
#ifndef __cplusplus
  choke me
#endif
configure:1990: checking how to run the C preprocessor
configure:2016: /Users/ariel/private-bin/clang -E -arch x86_64 -arch i386 -isystem/Users/ariel/git/darling/Developer/Platforms/MacOSX.platform/Developer/SDKs/MacOSX.sdk/usr/include -isystem/Users/ariel/arch/build/darling/Developer/Platforms/MacOSX.platform/Developer/SDKs/MacOSX.sdk/usr/include -isystem/Users/ariel/git/darling/framework-include -DDARLING conftest.c
configure:2022: $? = 0
configure:2049: /Users/ariel/private-bin/clang -E -arch x86_64 -arch i386 -isystem/Users/ariel/git/darling/Developer/Platforms/MacOSX.platform/Developer/SDKs/MacOSX.sdk/usr/include -isystem/Users/ariel/arch/build/darling/Developer/Platforms/MacOSX.platform/Developer/SDKs/MacOSX.sdk/usr/include -isystem/Users/ariel/git/darling/framework-include -DDARLING conftest.c
configure:2045:10: fatal error: 'ac_nonexistent.h' file not found
#include <ac_nonexistent.h>
         ^~~~~~~~~~~~~~~~~~
1 error generated.
configure:2055: $? = 1
configure: failed program was:
#line 2044 "configure"
#include "confdefs.h"
#include <ac_nonexistent.h>
configure:2092: result: /Users/ariel/private-bin/clang -E
configure:2107: /Users/ariel/private-bin/clang -E -arch x86_64 -arch i386 -isystem/Users/ariel/git/darling/Developer/Platforms/MacOSX.platform/Developer/SDKs/MacOSX.sdk/usr/include -isystem/Users/ariel/arch/build/darling/Developer/Platforms/MacOSX.platform/Developer/SDKs/MacOSX.sdk/usr/include -isystem/Users/ariel/git/darling/framework-include -DDARLING conftest.c
configure:2113: $? = 0
configure:2140: /Users/ariel/private-bin/clang -E -arch x86_64 -arch i386 -isystem/Users/ariel/git/darling/Developer/Platforms/MacOSX.platform/Developer/SDKs/MacOSX.sdk/usr/include -isystem/Users/ariel/arch/build/darling/Developer/Platforms/MacOSX.platform/Developer/SDKs/MacOSX.sdk/usr/include -isystem/Users/ariel/git/darling/framework-include -DDARLING conftest.c
configure:2136:10: fatal error: 'ac_nonexistent.h' file not found
#include <ac_nonexistent.h>
         ^~~~~~~~~~~~~~~~~~
1 error generated.
configure:2146: $? = 1
configure: failed program was:
#line 2135 "configure"
#include "confdefs.h"
#include <ac_nonexistent.h>
configure:2222: checking for a BSD-compatible install
configure:2276: result: /usr/bin/install -c
configure:2287: checking whether make sets ${MAKE}
configure:2307: result: yes
configure:2320: checking for ed
configure:2338: found /bin/ed
configure:2351: result: /bin/ed
configure:2362: checking for AIX
configure:2381: result: no
configure:2387: checking for ANSI C header files
configure:2401: /Users/ariel/private-bin/clang -E -arch x86_64 -arch i386 -isystem/Users/ariel/git/darling/Developer/Platforms/MacOSX.platform/Developer/SDKs/MacOSX.sdk/usr/include -isystem/Users/ariel/arch/build/darling/Developer/Platforms/MacOSX.platform/Developer/SDKs/MacOSX.sdk/usr/include -isystem/Users/ariel/git/darling/framework-include -DDARLING conftest.c
configure:2407: $? = 0
configure:2494: /Users/ariel/private-bin/clang -o conftest -mdynamic-no-pic -Wformat-security -arch x86_64 -arch i386 -isystem/Users/ariel/git/darling/Developer/Platforms/MacOSX.platform/Developer/SDKs/MacOSX.sdk/usr/include -isystem/Users/ariel/arch/build/darling/Developer/Platforms/MacOSX.platform/Developer/SDKs/MacOSX.sdk/usr/include -isystem/Users/ariel/git/darling/framework-include -DDARLING  conftest.c  >&5
configure:2485:7: warning: implicitly declaring library function 'exit' with type 'void (int) __attribute__((noreturn))' [-Wimplicit-function-declaration]
      exit(2);
      ^
configure:2485:7: note: include the header <stdlib.h> or explicitly provide a declaration for 'exit'
1 warning generated.
configure:2497: $? = 0
configure:2499: ./conftest
configure:2502: $? = 0
configure:2516: result: yes
configure:2540: checking for sys/types.h
configure:2553: /Users/ariel/private-bin/clang -c -mdynamic-no-pic -Wformat-security -arch x86_64 -arch i386 -isystem/Users/ariel/git/darling/Developer/Platforms/MacOSX.platform/Developer/SDKs/MacOSX.sdk/usr/include -isystem/Users/ariel/arch/build/darling/Developer/Platforms/MacOSX.platform/Developer/SDKs/MacOSX.sdk/usr/include -isystem/Users/ariel/git/darling/framework-include -DDARLING conftest.c >&5
configure:2556: $? = 0
configure:2559: test -s conftest.o
configure:2562: $? = 0
configure:2572: result: yes
configure:2540: checking for sys/stat.h
configure:2553: /Users/ariel/private-bin/clang -c -mdynamic-no-pic -Wformat-security -arch x86_64 -arch i386 -isystem/Users/ariel/git/darling/Developer/Platforms/MacOSX.platform/Developer/SDKs/MacOSX.sdk/usr/include -isystem/Users/ariel/arch/build/darling/Developer/Platforms/MacOSX.platform/Developer/SDKs/MacOSX.sdk/usr/include -isystem/Users/ariel/git/darling/framework-include -DDARLING conftest.c >&5
configure:2556: $? = 0
configure:2559: test -s conftest.o
configure:2562: $? = 0
configure:2572: result: yes
configure:2540: checking for stdlib.h
configure:2553: /Users/ariel/private-bin/clang -c -mdynamic-no-pic -Wformat-security -arch x86_64 -arch i386 -isystem/Users/ariel/git/darling/Developer/Platforms/MacOSX.platform/Developer/SDKs/MacOSX.sdk/usr/include -isystem/Users/ariel/arch/build/darling/Developer/Platforms/MacOSX.platform/Developer/SDKs/MacOSX.sdk/usr/include -isystem/Users/ariel/git/darling/framework-include -DDARLING conftest.c >&5
configure:2556: $? = 0
configure:2559: test -s conftest.o
configure:2562: $? = 0
configure:2572: result: yes
configure:2540: checking for string.h
configure:2553: /Users/ariel/private-bin/clang -c -mdynamic-no-pic -Wformat-security -arch x86_64 -arch i386 -isystem/Users/ariel/git/darling/Developer/Platforms/MacOSX.platform/Developer/SDKs/MacOSX.sdk/usr/include -isystem/Users/ariel/arch/build/darling/Developer/Platforms/MacOSX.platform/Developer/SDKs/MacOSX.sdk/usr/include -isystem/Users/ariel/git/darling/framework-include -DDARLING conftest.c >&5
configure:2556: $? = 0
configure:2559: test -s conftest.o
configure:2562: $? = 0
configure:2572: result: yes
configure:2540: checking for memory.h
configure:2553: /Users/ariel/private-bin/clang -c -mdynamic-no-pic -Wformat-security -arch x86_64 -arch i386 -isystem/Users/ariel/git/darling/Developer/Platforms/MacOSX.platform/Developer/SDKs/MacOSX.sdk/usr/include -isystem/Users/ariel/arch/build/darling/Developer/Platforms/MacOSX.platform/Developer/SDKs/MacOSX.sdk/usr/include -isystem/Users/ariel/git/darling/framework-include -DDARLING conftest.c >&5
configure:2556: $? = 0
configure:2559: test -s conftest.o
configure:2562: $? = 0
configure:2572: result: yes
configure:2540: checking for strings.h
configure:2553: /Users/ariel/private-bin/clang -c -mdynamic-no-pic -Wformat-security -arch x86_64 -arch i386 -isystem/Users/ariel/git/darling/Developer/Platforms/MacOSX.platform/Developer/SDKs/MacOSX.sdk/usr/include -isystem/Users/ariel/arch/build/darling/Developer/Platforms/MacOSX.platform/Developer/SDKs/MacOSX.sdk/usr/include -isystem/Users/ariel/git/darling/framework-include -DDARLING conftest.c >&5
configure:2556: $? = 0
configure:2559: test -s conftest.o
configure:2562: $? = 0
configure:2572: result: yes
configure:2540: checking for inttypes.h
configure:2553: /Users/ariel/private-bin/clang -c -mdynamic-no-pic -Wformat-security -arch x86_64 -arch i386 -isystem/Users/ariel/git/darling/Developer/Platforms/MacOSX.platform/Developer/SDKs/MacOSX.sdk/usr/include -isystem/Users/ariel/arch/build/darling/Developer/Platforms/MacOSX.platform/Developer/SDKs/MacOSX.sdk/usr/include -isystem/Users/ariel/git/darling/framework-include -DDARLING conftest.c >&5
configure:2556: $? = 0
configure:2559: test -s conftest.o
configure:2562: $? = 0
configure:2572: result: yes
configure:2540: checking for stdint.h
configure:2553: /Users/ariel/private-bin/clang -c -mdynamic-no-pic -Wformat-security -arch x86_64 -arch i386 -isystem/Users/ariel/git/darling/Developer/Platforms/MacOSX.platform/Developer/SDKs/MacOSX.sdk/usr/include -isystem/Users/ariel/arch/build/darling/Developer/Platforms/MacOSX.platform/Developer/SDKs/MacOSX.sdk/usr/include -isystem/Users/ariel/git/darling/framework-include -DDARLING conftest.c >&5
configure:2556: $? = 0
configure:2559: test -s conftest.o
configure:2562: $? = 0
configure:2572: result: yes
configure:2540: checking for unistd.h
configure:2553: /Users/ariel/private-bin/clang -c -mdynamic-no-pic -Wformat-security -arch x86_64 -arch i386 -isystem/Users/ariel/git/darling/Developer/Platforms/MacOSX.platform/Developer/SDKs/MacOSX.sdk/usr/include -isystem/Users/ariel/arch/build/darling/Developer/Platforms/MacOSX.platform/Developer/SDKs/MacOSX.sdk/usr/include -isystem/Users/ariel/git/darling/framework-include -DDARLING conftest.c >&5
configure:2556: $? = 0
configure:2559: test -s conftest.o
configure:2562: $? = 0
configure:2572: result: yes
configure:2594: checking minix/config.h usability
configure:2603: /Users/ariel/private-bin/clang -c -mdynamic-no-pic -Wformat-security -arch x86_64 -arch i386 -isystem/Users/ariel/git/darling/Developer/Platforms/MacOSX.platform/Developer/SDKs/MacOSX.sdk/usr/include -isystem/Users/ariel/arch/build/darling/Developer/Platforms/MacOSX.platform/Developer/SDKs/MacOSX.sdk/usr/include -isystem/Users/ariel/git/darling/framework-include -DDARLING conftest.c >&5
configure:2631:10: fatal error: 'minix/config.h' file not found
#include <minix/config.h>
         ^~~~~~~~~~~~~~~~
1 error generated.
configure:2606: $? = 1
configure: failed program was:
#line 2596 "configure"
#include "confdefs.h"
#include <stdio.h>
#if HAVE_SYS_TYPES_H
# include <sys/types.h>
#endif
#if HAVE_SYS_STAT_H
# include <sys/stat.h>
#endif
#if STDC_HEADERS
# include <stdlib.h>
# include <stddef.h>
#else
# if HAVE_STDLIB_H
#  include <stdlib.h>
# endif
#endif
#if HAVE_STRING_H
# if !STDC_HEADERS && HAVE_MEMORY_H
#  include <memory.h>
# endif
# include <string.h>
#endif
#if HAVE_STRINGS_H
# include <strings.h>
#endif
#if HAVE_INTTYPES_H
# include <inttypes.h>
#else
# if HAVE_STDINT_H
#  include <stdint.h>
# endif
#endif
#if HAVE_UNISTD_H
# include <unistd.h>
#endif
#include <minix/config.h>
configure:2621: result: no
configure:2625: checking minix/config.h presence
configure:2632: /Users/ariel/private-bin/clang -E -arch x86_64 -arch i386 -isystem/Users/ariel/git/darling/Developer/Platforms/MacOSX.platform/Developer/SDKs/MacOSX.sdk/usr/include -isystem/Users/ariel/arch/build/darling/Developer/Platforms/MacOSX.platform/Developer/SDKs/MacOSX.sdk/usr/include -isystem/Users/ariel/git/darling/framework-include -DDARLING conftest.c
configure:2628:10: fatal error: 'minix/config.h' file not found
#include <minix/config.h>
         ^~~~~~~~~~~~~~~~
1 error generated.
configure:2638: $? = 1
configure: failed program was:
#line 2627 "configure"
#include "confdefs.h"
#include <minix/config.h>
configure:2656: result: no
configure:2674: checking for minix/config.h
configure:2681: result: no
configure:2710: checking for /Users/ariel/private-bin/clang option to accept ANSI C
configure:2773: /Users/ariel/private-bin/clang  -c -mdynamic-no-pic -Wformat-security -arch x86_64 -arch i386 -isystem/Users/ariel/git/darling/Developer/Platforms/MacOSX.platform/Developer/SDKs/MacOSX.sdk/usr/include -isystem/Users/ariel/arch/build/darling/Developer/Platforms/MacOSX.platform/Developer/SDKs/MacOSX.sdk/usr/include -isystem/Users/ariel/git/darling/framework-include -DDARLING conftest.c >&5
configure:2776: $? = 0
configure:2779: test -s conftest.o
configure:2782: $? = 0
configure:2799: result: none needed
configure:2807: checking for library containing strerror
configure:2840: /Users/ariel/private-bin/clang -o conftest -mdynamic-no-pic -Wformat-security -arch x86_64 -arch i386 -isystem/Users/ariel/git/darling/Developer/Platforms/MacOSX.platform/Developer/SDKs/MacOSX.sdk/usr/include -isystem/Users/ariel/arch/build/darling/Developer/Platforms/MacOSX.platform/Developer/SDKs/MacOSX.sdk/usr/include -isystem/Users/ariel/git/darling/framework-include -DDARLING  conftest.c  >&5
configure:2822:6: warning: incompatible redeclaration of library function 'strerror' [-Wincompatible-library-redeclaration]
char strerror ();
     ^
configure:2822:6: note: 'strerror' is a builtin with type 'char *(int)'
1 warning generated.
configure:2843: $? = 0
configure:2846: test -s conftest
configure:2849: $? = 0
configure:2908: result: none required
configure:2922: checking for special C compiler options needed for large files
configure:3002: result: no
configure:3008: checking for _FILE_OFFSET_BITS value needed for large files
configure:3042: /Users/ariel/private-bin/clang -c -mdynamic-no-pic -Wformat-security -arch x86_64 -arch i386 -isystem/Users/ariel/git/darling/Developer/Platforms/MacOSX.platform/Developer/SDKs/MacOSX.sdk/usr/include -isystem/Users/ariel/arch/build/darling/Developer/Platforms/MacOSX.platform/Developer/SDKs/MacOSX.sdk/usr/include -isystem/Users/ariel/git/darling/framework-include -DDARLING conftest.c >&5
configure:3045: $? = 0
configure:3048: test -s conftest.o
configure:3051: $? = 0
configure:3107: result: no
configure:3117: checking for _LARGE_FILES value needed for large files
configure:3151: /Users/ariel/private-bin/clang -c -mdynamic-no-pic -Wformat-security -arch x86_64 -arch i386 -isystem/Users/ariel/git/darling/Developer/Platforms/MacOSX.platform/Developer/SDKs/MacOSX.sdk/usr/include -isystem/Users/ariel/arch/build/darling/Developer/Platforms/MacOSX.platform/Developer/SDKs/MacOSX.sdk/usr/include -isystem/Users/ariel/git/darling/framework-include -DDARLING conftest.c >&5
configure:3154: $? = 0
configure:3157: test -s conftest.o
configure:3160: $? = 0
configure:3216: result: no
configure:3230: checking for function prototypes
configure:3233: result: yes
configure:3250: checking for an ANSI C-conforming const
configure:3320: /Users/ariel/private-bin/clang -c -mdynamic-no-pic -Wformat-security -arch x86_64 -arch i386 -isystem/Users/ariel/git/darling/Developer/Platforms/MacOSX.platform/Developer/SDKs/MacOSX.sdk/usr/include -isystem/Users/ariel/arch/build/darling/Developer/Platforms/MacOSX.platform/Developer/SDKs/MacOSX.sdk/usr/include -isystem/Users/ariel/git/darling/framework-include -DDARLING conftest.c >&5
configure:3323: $? = 0
configure:3326: test -s conftest.o
configure:3329: $? = 0
configure:3339: result: yes
configure:3358: checking for dirent.h that defines DIR
configure:3385: /Users/ariel/private-bin/clang -c -mdynamic-no-pic -Wformat-security -arch x86_64 -arch i386 -isystem/Users/ariel/git/darling/Developer/Platforms/MacOSX.platform/Developer/SDKs/MacOSX.sdk/usr/include -isystem/Users/ariel/arch/build/darling/Developer/Platforms/MacOSX.platform/Developer/SDKs/MacOSX.sdk/usr/include -isystem/Users/ariel/git/darling/framework-include -DDARLING conftest.c >&5
configure:3388: $? = 0
configure:3391: test -s conftest.o
configure:3394: $? = 0
configure:3404: result: yes
configure:3417: checking for library containing opendir
configure:3450: /Users/ariel/private-bin/clang -o conftest -mdynamic-no-pic -Wformat-security -arch x86_64 -arch i386 -isystem/Users/ariel/git/darling/Developer/Platforms/MacOSX.platform/Developer/SDKs/MacOSX.sdk/usr/include -isystem/Users/ariel/arch/build/darling/Developer/Platforms/MacOSX.platform/Developer/SDKs/MacOSX.sdk/usr/include -isystem/Users/ariel/git/darling/framework-include -DDARLING  conftest.c  >&5
configure:3453: $? = 0
configure:3456: test -s conftest
configure:3459: $? = 0
configure:3518: result: none required
configure:3636: checking for ANSI C header files
configure:3765: result: yes
configure:3794: checking fcntl.h usability
configure:3803: /Users/ariel/private-bin/clang -c -mdynamic-no-pic -Wformat-security -arch x86_64 -arch i386 -isystem/Users/ariel/git/darling/Developer/Platforms/MacOSX.platform/Developer/SDKs/MacOSX.sdk/usr/include -isystem/Users/ariel/arch/build/darling/Developer/Platforms/MacOSX.platform/Developer/SDKs/MacOSX.sdk/usr/include -isystem/Users/ariel/git/darling/framework-include -DDARLING conftest.c >&5
configure:3806: $? = 0
configure:3809: test -s conftest.o
configure:3812: $? = 0
configure:3821: result: yes
configure:3825: checking fcntl.h presence
configure:3832: /Users/ariel/private-bin/clang -E -arch x86_64 -arch i386 -isystem/Users/ariel/git/darling/Developer/Platforms/MacOSX.platform/Developer/SDKs/MacOSX.sdk/usr/include -isystem/Users/ariel/arch/build/darling/Developer/Platforms/MacOSX.platform/Developer/SDKs/MacOSX.sdk/usr/include -isystem/Users/ariel/git/darling/framework-include -DDARLING conftest.c
configure:3838: $? = 0
configure:3856: result: yes
configure:3874: checking for fcntl.h
configure:3881: result: yes
configure:3794: checking limits.h usability
configure:3803: /Users/ariel/private-bin/clang -c -mdynamic-no-pic -Wformat-security -arch x86_64 -arch i386 -isystem/Users/ariel/git/darling/Developer/Platforms/MacOSX.platform/Developer/SDKs/MacOSX.sdk/usr/include -isystem/Users/ariel/arch/build/darling/Developer/Platforms/MacOSX.platform/Developer/SDKs/MacOSX.sdk/usr/include -isystem/Users/ariel/git/darling/framework-include -DDARLING conftest.c >&5
configure:3806: $? = 0
configure:3809: test -s conftest.o
configure:3812: $? = 0
configure:3821: result: yes
configure:3825: checking limits.h presence
configure:3832: /Users/ariel/private-bin/clang -E -arch x86_64 -arch i386 -isystem/Users/ariel/git/darling/Developer/Platforms/MacOSX.platform/Developer/SDKs/MacOSX.sdk/usr/include -isystem/Users/ariel/arch/build/darling/Developer/Platforms/MacOSX.platform/Developer/SDKs/MacOSX.sdk/usr/include -isystem/Users/ariel/git/darling/framework-include -DDARLING conftest.c
configure:3838: $? = 0
configure:3856: result: yes
configure:3874: checking for limits.h
configure:3881: result: yes
configure:3785: checking for string.h
configure:3790: result: yes
configure:3785: checking for unistd.h
configure:3790: result: yes
configure:3794: checking utime.h usability
configure:3803: /Users/ariel/private-bin/clang -c -mdynamic-no-pic -Wformat-security -arch x86_64 -arch i386 -isystem/Users/ariel/git/darling/Developer/Platforms/MacOSX.platform/Developer/SDKs/MacOSX.sdk/usr/include -isystem/Users/ariel/arch/build/darling/Developer/Platforms/MacOSX.platform/Developer/SDKs/MacOSX.sdk/usr/include -isystem/Users/ariel/git/darling/framework-include -DDARLING conftest.c >&5
configure:3806: $? = 0
configure:3809: test -s conftest.o
configure:3812: $? = 0
configure:3821: result: yes
configure:3825: checking utime.h presence
configure:3832: /Users/ariel/private-bin/clang -E -arch x86_64 -arch i386 -isystem/Users/ariel/git/darling/Developer/Platforms/MacOSX.platform/Developer/SDKs/MacOSX.sdk/usr/include -isystem/Users/ariel/arch/build/darling/Developer/Platforms/MacOSX.platform/Developer/SDKs/MacOSX.sdk/usr/include -isystem/Users/ariel/git/darling/framework-include -DDARLING conftest.c
configure:3838: $? = 0
configure:3856: result: yes
configure:3874: checking for utime.h
configure:3881: result: yes
configure:3794: checking varargs.h usability
configure:3803: /Users/ariel/private-bin/clang -c -mdynamic-no-pic -Wformat-security -arch x86_64 -arch i386 -isystem/Users/ariel/git/darling/Developer/Platforms/MacOSX.platform/Developer/SDKs/MacOSX.sdk/usr/include -isystem/Users/ariel/arch/build/darling/Developer/Platforms/MacOSX.platform/Developer/SDKs/MacOSX.sdk/usr/include -isystem/Users/ariel/git/darling/framework-include -DDARLING conftest.c >&5
In file included from configure:3831:
/Applications/Xcode.app/Contents/Developer/Toolchains/XcodeDefault.xctoolchain/usr/lib/clang/11.0.3/include/varargs.h:11:4: error: "Please use <stdarg.h> instead of <varargs.h>"
  #error "Please use <stdarg.h> instead of <varargs.h>"
   ^
1 error generated.
configure:3806: $? = 1
configure: failed program was:
#line 3796 "configure"
#include "confdefs.h"
#include <stdio.h>
#if HAVE_SYS_TYPES_H
# include <sys/types.h>
#endif
#if HAVE_SYS_STAT_H
# include <sys/stat.h>
#endif
#if STDC_HEADERS
# include <stdlib.h>
# include <stddef.h>
#else
# if HAVE_STDLIB_H
#  include <stdlib.h>
# endif
#endif
#if HAVE_STRING_H
# if !STDC_HEADERS && HAVE_MEMORY_H
#  include <memory.h>
# endif
# include <string.h>
#endif
#if HAVE_STRINGS_H
# include <strings.h>
#endif
#if HAVE_INTTYPES_H
# include <inttypes.h>
#else
# if HAVE_STDINT_H
#  include <stdint.h>
# endif
#endif
#if HAVE_UNISTD_H
# include <unistd.h>
#endif
#include <varargs.h>
configure:3821: result: no
configure:3825: checking varargs.h presence
configure:3832: /Users/ariel/private-bin/clang -E -arch x86_64 -arch i386 -isystem/Users/ariel/git/darling/Developer/Platforms/MacOSX.platform/Developer/SDKs/MacOSX.sdk/usr/include -isystem/Users/ariel/arch/build/darling/Developer/Platforms/MacOSX.platform/Developer/SDKs/MacOSX.sdk/usr/include -isystem/Users/ariel/git/darling/framework-include -DDARLING conftest.c
In file included from configure:3828:
/Applications/Xcode.app/Contents/Developer/Toolchains/XcodeDefault.xctoolchain/usr/lib/clang/11.0.3/include/varargs.h:11:4: error: "Please use <stdarg.h> instead of <varargs.h>"
  #error "Please use <stdarg.h> instead of <varargs.h>"
   ^
1 error generated.
configure:3838: $? = 1
configure: failed program was:
#line 3827 "configure"
#include "confdefs.h"
#include <varargs.h>
configure:3856: result: no
configure:3874: checking for varargs.h
configure:3881: result: no
configure:3895: checking for mode_t
configure:3922: /Users/ariel/private-bin/clang -c -mdynamic-no-pic -Wformat-security -arch x86_64 -arch i386 -isystem/Users/ariel/git/darling/Developer/Platforms/MacOSX.platform/Developer/SDKs/MacOSX.sdk/usr/include -isystem/Users/ariel/arch/build/darling/Developer/Platforms/MacOSX.platform/Developer/SDKs/MacOSX.sdk/usr/include -isystem/Users/ariel/git/darling/framework-include -DDARLING conftest.c >&5
configure:3925: $? = 0
configure:3928: test -s conftest.o
configure:3931: $? = 0
configure:3941: result: yes
configure:3953: checking for off_t
configure:3980: /Users/ariel/private-bin/clang -c -mdynamic-no-pic -Wformat-security -arch x86_64 -arch i386 -isystem/Users/ariel/git/darling/Developer/Platforms/MacOSX.platform/Developer/SDKs/MacOSX.sdk/usr/include -isystem/Users/ariel/arch/build/darling/Developer/Platforms/MacOSX.platform/Developer/SDKs/MacOSX.sdk/usr/include -isystem/Users/ariel/git/darling/framework-include -DDARLING conftest.c >&5
configure:3983: $? = 0
configure:3986: test -s conftest.o
configure:3989: $? = 0
configure:3999: result: yes
configure:4011: checking for pid_t
configure:4038: /Users/ariel/private-bin/clang -c -mdynamic-no-pic -Wformat-security -arch x86_64 -arch i386 -isystem/Users/ariel/git/darling/Developer/Platforms/MacOSX.platform/Developer/SDKs/MacOSX.sdk/usr/include -isystem/Users/ariel/arch/build/darling/Developer/Platforms/MacOSX.platform/Developer/SDKs/MacOSX.sdk/usr/include -isystem/Users/ariel/git/darling/framework-include -DDARLING conftest.c >&5
configure:4041: $? = 0
configure:4044: test -s conftest.o
configure:4047: $? = 0
configure:4057: result: yes
configure:4069: checking return type of signal handlers
configure:4103: /Users/ariel/private-bin/clang -c -mdynamic-no-pic -Wformat-security -arch x86_64 -arch i386 -isystem/Users/ariel/git/darling/Developer/Platforms/MacOSX.platform/Developer/SDKs/MacOSX.sdk/usr/include -isystem/Users/ariel/arch/build/darling/Developer/Platforms/MacOSX.platform/Developer/SDKs/MacOSX.sdk/usr/include -isystem/Users/ariel/git/darling/framework-include -DDARLING conftest.c >&5
configure:4106: $? = 0
configure:4109: test -s conftest.o
configure:4112: $? = 0
configure:4122: result: void
configure:4130: checking for size_t
configure:4157: /Users/ariel/private-bin/clang -c -mdynamic-no-pic -Wformat-security -arch x86_64 -arch i386 -isystem/Users/ariel/git/darling/Developer/Platforms/MacOSX.platform/Developer/SDKs/MacOSX.sdk/usr/include -isystem/Users/ariel/arch/build/darling/Developer/Platforms/MacOSX.platform/Developer/SDKs/MacOSX.sdk/usr/include -isystem/Users/ariel/git/darling/framework-include -DDARLING conftest.c >&5
configure:4160: $? = 0
configure:4163: test -s conftest.o
configure:4166: $? = 0
configure:4176: result: yes
configure:4188: checking whether time.h and sys/time.h may both be included
configure:4216: /Users/ariel/private-bin/clang -c -mdynamic-no-pic -Wformat-security -arch x86_64 -arch i386 -isystem/Users/ariel/git/darling/Developer/Platforms/MacOSX.platform/Developer/SDKs/MacOSX.sdk/usr/include -isystem/Users/ariel/arch/build/darling/Developer/Platforms/MacOSX.platform/Developer/SDKs/MacOSX.sdk/usr/include -isystem/Users/ariel/git/darling/framework-include -DDARLING conftest.c >&5
configure:4219: $? = 0
configure:4222: test -s conftest.o
configure:4225: $? = 0
configure:4235: result: yes
configure:4251: checking for utime.h
configure:4256: result: yes
configure:4361: checking for struct utimbuf
configure:4399: /Users/ariel/private-bin/clang -c -mdynamic-no-pic -Wformat-security -arch x86_64 -arch i386 -isystem/Users/ariel/git/darling/Developer/Platforms/MacOSX.platform/Developer/SDKs/MacOSX.sdk/usr/include -isystem/Users/ariel/arch/build/darling/Developer/Platforms/MacOSX.platform/Developer/SDKs/MacOSX.sdk/usr/include -isystem/Users/ariel/git/darling/framework-include -DDARLING conftest.c >&5
configure:4402: $? = 0
configure:4405: test -s conftest.o
configure:4408: $? = 0
configure:4419: result: yes
configure:4432: checking for long file names
configure:4471: result: yes
configure:4485: checking for pathconf
configure:4528: /Users/ariel/private-bin/clang -o conftest -mdynamic-no-pic -Wformat-security -arch x86_64 -arch i386 -isystem/Users/ariel/git/darling/Developer/Platforms/MacOSX.platform/Developer/SDKs/MacOSX.sdk/usr/include -isystem/Users/ariel/arch/build/darling/Developer/Platforms/MacOSX.platform/Developer/SDKs/MacOSX.sdk/usr/include -isystem/Users/ariel/git/darling/framework-include -DDARLING  conftest.c  >&5
configure:4531: $? = 0
configure:4534: test -s conftest
configure:4537: $? = 0
configure:4547: result: yes
configure:4564: checking for limits.h
configure:4569: result: yes
configure:4564: checking for string.h
configure:4569: result: yes
configure:4564: checking for unistd.h
configure:4569: result: yes
configure:4675: checking for ANSI C header files
configure:4804: result: yes
configure:4819: checking for string.h
configure:4824: result: yes
configure:4936: checking for strerror
configure:4979: /Users/ariel/private-bin/clang -o conftest -mdynamic-no-pic -Wformat-security -arch x86_64 -arch i386 -isystem/Users/ariel/git/darling/Developer/Platforms/MacOSX.platform/Developer/SDKs/MacOSX.sdk/usr/include -isystem/Users/ariel/arch/build/darling/Developer/Platforms/MacOSX.platform/Developer/SDKs/MacOSX.sdk/usr/include -isystem/Users/ariel/git/darling/framework-include -DDARLING  conftest.c  >&5
configure:4951:6: warning: incompatible redeclaration of library function 'strerror' [-Wincompatible-library-redeclaration]
char strerror ();
     ^
configure:4951:6: note: 'strerror' is a builtin with type 'char *(int)'
1 warning generated.
configure:4982: $? = 0
configure:4985: test -s conftest
configure:4988: $? = 0
configure:4998: result: yes
configure:4936: checking for vprintf
configure:4979: /Users/ariel/private-bin/clang -o conftest -mdynamic-no-pic -Wformat-security -arch x86_64 -arch i386 -isystem/Users/ariel/git/darling/Developer/Platforms/MacOSX.platform/Developer/SDKs/MacOSX.sdk/usr/include -isystem/Users/ariel/arch/build/darling/Developer/Platforms/MacOSX.platform/Developer/SDKs/MacOSX.sdk/usr/include -isystem/Users/ariel/git/darling/framework-include -DDARLING  conftest.c  >&5
configure:4951:6: warning: incompatible redeclaration of library function 'vprintf' [-Wincompatible-library-redeclaration]
char vprintf ();
     ^
configure:4951:6: note: 'vprintf' is a builtin with type 'int (const char *, struct __va_list_tag *)'
1 warning generated.
configure:4982: $? = 0
configure:4985: test -s conftest
configure:4988: $? = 0
configure:4998: result: yes
configure:4936: checking for doprnt
configure:4979: /Users/ariel/private-bin/clang -o conftest -mdynamic-no-pic -Wformat-security -arch x86_64 -arch i386 -isystem/Users/ariel/git/darling/Developer/Platforms/MacOSX.platform/Developer/SDKs/MacOSX.sdk/usr/include -isystem/Users/ariel/arch/build/darling/Developer/Platforms/MacOSX.platform/Developer/SDKs/MacOSX.sdk/usr/include -isystem/Users/ariel/git/darling/framework-include -DDARLING  conftest.c  >&5
Undefined symbols for architecture x86_64:
  "_doprnt", referenced from:
      _main in conftest-449334.o
ld: symbol(s) not found for architecture x86_64
clang: error: linker command failed with exit code 1 (use -v to see invocation)
configure:4982: $? = 1
configure: failed program was:
#line 4941 "configure"
#include "confdefs.h"
/* System header to define __stub macros and hopefully few prototypes,
    which can conflict with char doprnt (); below.  */
#include <assert.h>
/* Override any gcc2 internal prototype to avoid an error.  */
#ifdef __cplusplus
extern "C"
#endif
/* We use char because int might match the return type of a gcc2
   builtin and then its argument prototype would still apply.  */
char doprnt ();
char (*f) ();

#ifdef F77_DUMMY_MAIN
#  ifdef __cplusplus
     extern "C"
#  endif
   int F77_DUMMY_MAIN() { return 1; }
#endif
int
main ()
{
/* The GNU C library defines this for functions which it implements
    to always fail with ENOSYS.  Some functions are actually named
    something starting with __ and the normal name is an alias.  */
#if defined (__stub_doprnt) || defined (__stub___doprnt)
choke me
#else
f = doprnt;
#endif

  ;
  return 0;
}
configure:4998: result: no
configure:5008: checking whether strerror is declared
configure:5035: /Users/ariel/private-bin/clang -c -mdynamic-no-pic -Wformat-security -arch x86_64 -arch i386 -isystem/Users/ariel/git/darling/Developer/Platforms/MacOSX.platform/Developer/SDKs/MacOSX.sdk/usr/include -isystem/Users/ariel/arch/build/darling/Developer/Platforms/MacOSX.platform/Developer/SDKs/MacOSX.sdk/usr/include -isystem/Users/ariel/git/darling/framework-include -DDARLING conftest.c >&5
configure:5038: $? = 0
configure:5041: test -s conftest.o
configure:5044: $? = 0
configure:5054: result: yes
configure:5072: checking whether strerror_r is declared
configure:5099: /Users/ariel/private-bin/clang -c -mdynamic-no-pic -Wformat-security -arch x86_64 -arch i386 -isystem/Users/ariel/git/darling/Developer/Platforms/MacOSX.platform/Developer/SDKs/MacOSX.sdk/usr/include -isystem/Users/ariel/arch/build/darling/Developer/Platforms/MacOSX.platform/Developer/SDKs/MacOSX.sdk/usr/include -isystem/Users/ariel/git/darling/framework-include -DDARLING conftest.c >&5
configure:5102: $? = 0
configure:5105: test -s conftest.o
configure:5108: $? = 0
configure:5118: result: yes
configure:5140: checking for strerror_r
configure:5183: /Users/ariel/private-bin/clang -o conftest -mdynamic-no-pic -Wformat-security -arch x86_64 -arch i386 -isystem/Users/ariel/git/darling/Developer/Platforms/MacOSX.platform/Developer/SDKs/MacOSX.sdk/usr/include -isystem/Users/ariel/arch/build/darling/Developer/Platforms/MacOSX.platform/Developer/SDKs/MacOSX.sdk/usr/include -isystem/Users/ariel/git/darling/framework-include -DDARLING  conftest.c  >&5
configure:5186: $? = 0
configure:5189: test -s conftest
configure:5192: $? = 0
configure:5202: result: yes
configure:5212: checking whether strerror_r returns char *
configure:5243: /Users/ariel/private-bin/clang -c -mdynamic-no-pic -Wformat-security -arch x86_64 -arch i386 -isystem/Users/ariel/git/darling/Developer/Platforms/MacOSX.platform/Developer/SDKs/MacOSX.sdk/usr/include -isystem/Users/ariel/arch/build/darling/Developer/Platforms/MacOSX.platform/Developer/SDKs/MacOSX.sdk/usr/include -isystem/Users/ariel/git/darling/framework-include -DDARLING conftest.c >&5
configure:5266:13: error: indirection requires pointer operand ('int' invalid)
          char x = *strerror_r (0, buf, sizeof buf);
                   ^~~~~~~~~~~~~~~~~~~~~~~~~~~~~~~~
configure:5267:10: warning: incompatible integer to pointer conversion initializing 'char *' with an expression of type 'int' [-Wint-conversion]
          char *p = strerror_r (0, buf, sizeof buf);
                ^   ~~~~~~~~~~~~~~~~~~~~~~~~~~~~~~~
1 warning and 1 error generated.
configure:5246: $? = 1
configure: failed program was:
#line 5220 "configure"
#include "confdefs.h"
#include <stdio.h>
#if HAVE_SYS_TYPES_H
# include <sys/types.h>
#endif
#if HAVE_SYS_STAT_H
# include <sys/stat.h>
#endif
#if STDC_HEADERS
# include <stdlib.h>
# include <stddef.h>
#else
# if HAVE_STDLIB_H
#  include <stdlib.h>
# endif
#endif
#if HAVE_STRING_H
# if !STDC_HEADERS && HAVE_MEMORY_H
#  include <memory.h>
# endif
# include <string.h>
#endif
#if HAVE_STRINGS_H
# include <strings.h>
#endif
#if HAVE_INTTYPES_H
# include <inttypes.h>
#else
# if HAVE_STDINT_H
#  include <stdint.h>
# endif
#endif
#if HAVE_UNISTD_H
# include <unistd.h>
#endif
#ifdef F77_DUMMY_MAIN
#  ifdef __cplusplus
     extern "C"
#  endif
   int F77_DUMMY_MAIN() { return 1; }
#endif
int
main ()
{

	  char buf[100];
	  char x = *strerror_r (0, buf, sizeof buf);
	  char *p = strerror_r (0, buf, sizeof buf);

  ;
  return 0;
}
configure:5313: result: no
configure:5323: checking for ANSI C header files
configure:5452: result: yes
configure:5471: checking for limits.h
configure:5476: result: yes
configure:5471: checking for stdlib.h
configure:5476: result: yes
configure:5480: checking bp-sym.h usability
configure:5489: /Users/ariel/private-bin/clang -c -mdynamic-no-pic -Wformat-security -arch x86_64 -arch i386 -isystem/Users/ariel/git/darling/Developer/Platforms/MacOSX.platform/Developer/SDKs/MacOSX.sdk/usr/include -isystem/Users/ariel/arch/build/darling/Developer/Platforms/MacOSX.platform/Developer/SDKs/MacOSX.sdk/usr/include -isystem/Users/ariel/git/darling/framework-include -DDARLING conftest.c >&5
configure:5517:10: fatal error: 'bp-sym.h' file not found
#include <bp-sym.h>
         ^~~~~~~~~~
1 error generated.
configure:5492: $? = 1
configure: failed program was:
#line 5482 "configure"
#include "confdefs.h"
#include <stdio.h>
#if HAVE_SYS_TYPES_H
# include <sys/types.h>
#endif
#if HAVE_SYS_STAT_H
# include <sys/stat.h>
#endif
#if STDC_HEADERS
# include <stdlib.h>
# include <stddef.h>
#else
# if HAVE_STDLIB_H
#  include <stdlib.h>
# endif
#endif
#if HAVE_STRING_H
# if !STDC_HEADERS && HAVE_MEMORY_H
#  include <memory.h>
# endif
# include <string.h>
#endif
#if HAVE_STRINGS_H
# include <strings.h>
#endif
#if HAVE_INTTYPES_H
# include <inttypes.h>
#else
# if HAVE_STDINT_H
#  include <stdint.h>
# endif
#endif
#if HAVE_UNISTD_H
# include <unistd.h>
#endif
#include <bp-sym.h>
configure:5507: result: no
configure:5511: checking bp-sym.h presence
configure:5518: /Users/ariel/private-bin/clang -E -arch x86_64 -arch i386 -isystem/Users/ariel/git/darling/Developer/Platforms/MacOSX.platform/Developer/SDKs/MacOSX.sdk/usr/include -isystem/Users/ariel/arch/build/darling/Developer/Platforms/MacOSX.platform/Developer/SDKs/MacOSX.sdk/usr/include -isystem/Users/ariel/git/darling/framework-include -DDARLING conftest.c
configure:5514:10: fatal error: 'bp-sym.h' file not found
#include <bp-sym.h>
         ^~~~~~~~~~
1 error generated.
configure:5524: $? = 1
configure: failed program was:
#line 5513 "configure"
#include "confdefs.h"
#include <bp-sym.h>
configure:5542: result: no
configure:5560: checking for bp-sym.h
configure:5567: result: no
configure:5587: checking for isascii
configure:5630: /Users/ariel/private-bin/clang -o conftest -mdynamic-no-pic -Wformat-security -arch x86_64 -arch i386 -isystem/Users/ariel/git/darling/Developer/Platforms/MacOSX.platform/Developer/SDKs/MacOSX.sdk/usr/include -isystem/Users/ariel/arch/build/darling/Developer/Platforms/MacOSX.platform/Developer/SDKs/MacOSX.sdk/usr/include -isystem/Users/ariel/git/darling/framework-include -DDARLING  conftest.c  >&5
configure:5633: $? = 0
configure:5636: test -s conftest
configure:5639: $? = 0
configure:5649: result: yes
configure:5587: checking for iswprint
configure:5630: /Users/ariel/private-bin/clang -o conftest -mdynamic-no-pic -Wformat-security -arch x86_64 -arch i386 -isystem/Users/ariel/git/darling/Developer/Platforms/MacOSX.platform/Developer/SDKs/MacOSX.sdk/usr/include -isystem/Users/ariel/arch/build/darling/Developer/Platforms/MacOSX.platform/Developer/SDKs/MacOSX.sdk/usr/include -isystem/Users/ariel/git/darling/framework-include -DDARLING  conftest.c  >&5
configure:5633: $? = 0
configure:5636: test -s conftest
configure:5639: $? = 0
configure:5649: result: yes
configure:5660: checking whether mbrtowc and mbstate_t are properly declared
configure:5684: /Users/ariel/private-bin/clang -o conftest -mdynamic-no-pic -Wformat-security -arch x86_64 -arch i386 -isystem/Users/ariel/git/darling/Developer/Platforms/MacOSX.platform/Developer/SDKs/MacOSX.sdk/usr/include -isystem/Users/ariel/arch/build/darling/Developer/Platforms/MacOSX.platform/Developer/SDKs/MacOSX.sdk/usr/include -isystem/Users/ariel/git/darling/framework-include -DDARLING  conftest.c  >&5
configure:5676:44: warning: address of function 'mbrtowc' will always evaluate to 'true' [-Wpointer-bool-conversion]
mbstate_t state; return ! (sizeof state && mbrtowc);
                                        ~~ ^~~~~~~
configure:5676:44: note: prefix with the address-of operator to silence this warning
mbstate_t state; return ! (sizeof state && mbrtowc);
                                           ^
                                           &
1 warning generated.
configure:5687: $? = 0
configure:5690: test -s conftest
configure:5693: $? = 0
configure:5703: result: yes
configure:5723: checking for limits.h
configure:5728: result: yes
configure:5732: checking stddef.h usability
configure:5741: /Users/ariel/private-bin/clang -c -mdynamic-no-pic -Wformat-security -arch x86_64 -arch i386 -isystem/Users/ariel/git/darling/Developer/Platforms/MacOSX.platform/Developer/SDKs/MacOSX.sdk/usr/include -isystem/Users/ariel/arch/build/darling/Developer/Platforms/MacOSX.platform/Developer/SDKs/MacOSX.sdk/usr/include -isystem/Users/ariel/git/darling/framework-include -DDARLING conftest.c >&5
configure:5744: $? = 0
configure:5747: test -s conftest.o
configure:5750: $? = 0
configure:5759: result: yes
configure:5763: checking stddef.h presence
configure:5770: /Users/ariel/private-bin/clang -E -arch x86_64 -arch i386 -isystem/Users/ariel/git/darling/Developer/Platforms/MacOSX.platform/Developer/SDKs/MacOSX.sdk/usr/include -isystem/Users/ariel/arch/build/darling/Developer/Platforms/MacOSX.platform/Developer/SDKs/MacOSX.sdk/usr/include -isystem/Users/ariel/git/darling/framework-include -DDARLING conftest.c
configure:5776: $? = 0
configure:5794: result: yes
configure:5812: checking for stddef.h
configure:5819: result: yes
configure:5723: checking for stdlib.h
configure:5728: result: yes
configure:5723: checking for string.h
configure:5728: result: yes
configure:5732: checking wchar.h usability
configure:5741: /Users/ariel/private-bin/clang -c -mdynamic-no-pic -Wformat-security -arch x86_64 -arch i386 -isystem/Users/ariel/git/darling/Developer/Platforms/MacOSX.platform/Developer/SDKs/MacOSX.sdk/usr/include -isystem/Users/ariel/arch/build/darling/Developer/Platforms/MacOSX.platform/Developer/SDKs/MacOSX.sdk/usr/include -isystem/Users/ariel/git/darling/framework-include -DDARLING conftest.c >&5
configure:5744: $? = 0
configure:5747: test -s conftest.o
configure:5750: $? = 0
configure:5759: result: yes
configure:5763: checking wchar.h presence
configure:5770: /Users/ariel/private-bin/clang -E -arch x86_64 -arch i386 -isystem/Users/ariel/git/darling/Developer/Platforms/MacOSX.platform/Developer/SDKs/MacOSX.sdk/usr/include -isystem/Users/ariel/arch/build/darling/Developer/Platforms/MacOSX.platform/Developer/SDKs/MacOSX.sdk/usr/include -isystem/Users/ariel/git/darling/framework-include -DDARLING conftest.c
configure:5776: $? = 0
configure:5794: result: yes
configure:5812: checking for wchar.h
configure:5819: result: yes
configure:5732: checking wctype.h usability
configure:5741: /Users/ariel/private-bin/clang -c -mdynamic-no-pic -Wformat-security -arch x86_64 -arch i386 -isystem/Users/ariel/git/darling/Developer/Platforms/MacOSX.platform/Developer/SDKs/MacOSX.sdk/usr/include -isystem/Users/ariel/arch/build/darling/Developer/Platforms/MacOSX.platform/Developer/SDKs/MacOSX.sdk/usr/include -isystem/Users/ariel/git/darling/framework-include -DDARLING conftest.c >&5
configure:5744: $? = 0
configure:5747: test -s conftest.o
configure:5750: $? = 0
configure:5759: result: yes
configure:5763: checking wctype.h presence
configure:5770: /Users/ariel/private-bin/clang -E -arch x86_64 -arch i386 -isystem/Users/ariel/git/darling/Developer/Platforms/MacOSX.platform/Developer/SDKs/MacOSX.sdk/usr/include -isystem/Users/ariel/arch/build/darling/Developer/Platforms/MacOSX.platform/Developer/SDKs/MacOSX.sdk/usr/include -isystem/Users/ariel/git/darling/framework-include -DDARLING conftest.c
configure:5776: $? = 0
configure:5794: result: yes
configure:5812: checking for wctype.h
configure:5819: result: yes
configure:5832: checking for ANSI C header files
configure:5961: result: yes
configure:5972: checking whether backslash-a works in strings
configure:6003: /Users/ariel/private-bin/clang -c -mdynamic-no-pic -Wformat-security -arch x86_64 -arch i386 -isystem/Users/ariel/git/darling/Developer/Platforms/MacOSX.platform/Developer/SDKs/MacOSX.sdk/usr/include -isystem/Users/ariel/arch/build/darling/Developer/Platforms/MacOSX.platform/Developer/SDKs/MacOSX.sdk/usr/include -isystem/Users/ariel/git/darling/framework-include -DDARLING conftest.c >&5
configure:6006: $? = 0
configure:6009: test -s conftest.o
configure:6012: $? = 0
configure:6022: result: yes
configure:6038: checking for stdlib.h
configure:6043: result: yes
configure:6148: checking for mbstate_t
configure:6176: /Users/ariel/private-bin/clang -c -mdynamic-no-pic -Wformat-security -arch x86_64 -arch i386 -isystem/Users/ariel/git/darling/Developer/Platforms/MacOSX.platform/Developer/SDKs/MacOSX.sdk/usr/include -isystem/Users/ariel/arch/build/darling/Developer/Platforms/MacOSX.platform/Developer/SDKs/MacOSX.sdk/usr/include -isystem/Users/ariel/git/darling/framework-include -DDARLING conftest.c >&5
configure:6179: $? = 0
configure:6182: test -s conftest.o
configure:6185: $? = 0
configure:6195: result: yes
configure:6210: checking for function prototypes
configure:6213: result: yes
configure:6232: checking whether free is declared
configure:6259: /Users/ariel/private-bin/clang -c -mdynamic-no-pic -Wformat-security -arch x86_64 -arch i386 -isystem/Users/ariel/git/darling/Developer/Platforms/MacOSX.platform/Developer/SDKs/MacOSX.sdk/usr/include -isystem/Users/ariel/arch/build/darling/Developer/Platforms/MacOSX.platform/Developer/SDKs/MacOSX.sdk/usr/include -isystem/Users/ariel/git/darling/framework-include -DDARLING conftest.c >&5
configure:6262: $? = 0
configure:6265: test -s conftest.o
configure:6268: $? = 0
configure:6278: result: yes
configure:6294: checking whether getenv is declared
configure:6321: /Users/ariel/private-bin/clang -c -mdynamic-no-pic -Wformat-security -arch x86_64 -arch i386 -isystem/Users/ariel/git/darling/Developer/Platforms/MacOSX.platform/Developer/SDKs/MacOSX.sdk/usr/include -isystem/Users/ariel/arch/build/darling/Developer/Platforms/MacOSX.platform/Developer/SDKs/MacOSX.sdk/usr/include -isystem/Users/ariel/git/darling/framework-include -DDARLING conftest.c >&5
configure:6324: $? = 0
configure:6327: test -s conftest.o
configure:6330: $? = 0
configure:6340: result: yes
configure:6356: checking whether malloc is declared
configure:6383: /Users/ariel/private-bin/clang -c -mdynamic-no-pic -Wformat-security -arch x86_64 -arch i386 -isystem/Users/ariel/git/darling/Developer/Platforms/MacOSX.platform/Developer/SDKs/MacOSX.sdk/usr/include -isystem/Users/ariel/arch/build/darling/Developer/Platforms/MacOSX.platform/Developer/SDKs/MacOSX.sdk/usr/include -isystem/Users/ariel/git/darling/framework-include -DDARLING conftest.c >&5
configure:6386: $? = 0
configure:6389: test -s conftest.o
configure:6392: $? = 0
configure:6402: result: yes
configure:6418: checking whether mktemp is declared
configure:6445: /Users/ariel/private-bin/clang -c -mdynamic-no-pic -Wformat-security -arch x86_64 -arch i386 -isystem/Users/ariel/git/darling/Developer/Platforms/MacOSX.platform/Developer/SDKs/MacOSX.sdk/usr/include -isystem/Users/ariel/arch/build/darling/Developer/Platforms/MacOSX.platform/Developer/SDKs/MacOSX.sdk/usr/include -isystem/Users/ariel/git/darling/framework-include -DDARLING conftest.c >&5
configure:6448: $? = 0
configure:6451: test -s conftest.o
configure:6454: $? = 0
configure:6464: result: yes
configure:6498: checking for _doprintf
configure:6541: /Users/ariel/private-bin/clang -o conftest -mdynamic-no-pic -Wformat-security -arch x86_64 -arch i386 -isystem/Users/ariel/git/darling/Developer/Platforms/MacOSX.platform/Developer/SDKs/MacOSX.sdk/usr/include -isystem/Users/ariel/arch/build/darling/Developer/Platforms/MacOSX.platform/Developer/SDKs/MacOSX.sdk/usr/include -isystem/Users/ariel/git/darling/framework-include -DDARLING  conftest.c  >&5
Undefined symbols for architecture x86_64:
  "__doprintf", referenced from:
      _main in conftest-538df1.o
ld: symbol(s) not found for architecture x86_64
clang: error: linker command failed with exit code 1 (use -v to see invocation)
configure:6544: $? = 1
configure: failed program was:
#line 6503 "configure"
#include "confdefs.h"
/* System header to define __stub macros and hopefully few prototypes,
    which can conflict with char _doprintf (); below.  */
#include <assert.h>
/* Override any gcc2 internal prototype to avoid an error.  */
#ifdef __cplusplus
extern "C"
#endif
/* We use char because int might match the return type of a gcc2
   builtin and then its argument prototype would still apply.  */
char _doprintf ();
char (*f) ();

#ifdef F77_DUMMY_MAIN
#  ifdef __cplusplus
     extern "C"
#  endif
   int F77_DUMMY_MAIN() { return 1; }
#endif
int
main ()
{
/* The GNU C library defines this for functions which it implements
    to always fail with ENOSYS.  Some functions are actually named
    something starting with __ and the normal name is an alias.  */
#if defined (__stub__doprintf) || defined (__stub____doprintf)
choke me
#else
f = _doprintf;
#endif

  ;
  return 0;
}
configure:6560: result: no
configure:6498: checking for geteuid
configure:6541: /Users/ariel/private-bin/clang -o conftest -mdynamic-no-pic -Wformat-security -arch x86_64 -arch i386 -isystem/Users/ariel/git/darling/Developer/Platforms/MacOSX.platform/Developer/SDKs/MacOSX.sdk/usr/include -isystem/Users/ariel/arch/build/darling/Developer/Platforms/MacOSX.platform/Developer/SDKs/MacOSX.sdk/usr/include -isystem/Users/ariel/git/darling/framework-include -DDARLING  conftest.c  >&5
configure:6544: $? = 0
configure:6547: test -s conftest
configure:6550: $? = 0
configure:6560: result: yes
configure:6498: checking for getuid
configure:6541: /Users/ariel/private-bin/clang -o conftest -mdynamic-no-pic -Wformat-security -arch x86_64 -arch i386 -isystem/Users/ariel/git/darling/Developer/Platforms/MacOSX.platform/Developer/SDKs/MacOSX.sdk/usr/include -isystem/Users/ariel/arch/build/darling/Developer/Platforms/MacOSX.platform/Developer/SDKs/MacOSX.sdk/usr/include -isystem/Users/ariel/git/darling/framework-include -DDARLING  conftest.c  >&5
configure:6544: $? = 0
configure:6547: test -s conftest
configure:6550: $? = 0
configure:6560: result: yes
configure:6498: checking for isascii
configure:6560: result: yes
configure:6498: checking for memcmp
configure:6541: /Users/ariel/private-bin/clang -o conftest -mdynamic-no-pic -Wformat-security -arch x86_64 -arch i386 -isystem/Users/ariel/git/darling/Developer/Platforms/MacOSX.platform/Developer/SDKs/MacOSX.sdk/usr/include -isystem/Users/ariel/arch/build/darling/Developer/Platforms/MacOSX.platform/Developer/SDKs/MacOSX.sdk/usr/include -isystem/Users/ariel/git/darling/framework-include -DDARLING  conftest.c  >&5
configure:6513:6: warning: incompatible redeclaration of library function 'memcmp' [-Wincompatible-library-redeclaration]
char memcmp ();
     ^
configure:6513:6: note: 'memcmp' is a builtin with type 'int (const void *, const void *, unsigned long)'
1 warning generated.
configure:6544: $? = 0
configure:6547: test -s conftest
configure:6550: $? = 0
configure:6560: result: yes
configure:6498: checking for mktemp
configure:6541: /Users/ariel/private-bin/clang -o conftest -mdynamic-no-pic -Wformat-security -arch x86_64 -arch i386 -isystem/Users/ariel/git/darling/Developer/Platforms/MacOSX.platform/Developer/SDKs/MacOSX.sdk/usr/include -isystem/Users/ariel/arch/build/darling/Developer/Platforms/MacOSX.platform/Developer/SDKs/MacOSX.sdk/usr/include -isystem/Users/ariel/git/darling/framework-include -DDARLING  conftest.c  >&5
configure:6544: $? = 0
configure:6547: test -s conftest
configure:6550: $? = 0
configure:6560: result: yes
configure:6498: checking for pathconf
configure:6560: result: yes
configure:6498: checking for raise
configure:6541: /Users/ariel/private-bin/clang -o conftest -mdynamic-no-pic -Wformat-security -arch x86_64 -arch i386 -isystem/Users/ariel/git/darling/Developer/Platforms/MacOSX.platform/Developer/SDKs/MacOSX.sdk/usr/include -isystem/Users/ariel/arch/build/darling/Developer/Platforms/MacOSX.platform/Developer/SDKs/MacOSX.sdk/usr/include -isystem/Users/ariel/git/darling/framework-include -DDARLING  conftest.c  >&5
configure:6544: $? = 0
configure:6547: test -s conftest
configure:6550: $? = 0
configure:6560: result: yes
configure:6498: checking for sigaction
configure:6541: /Users/ariel/private-bin/clang -o conftest -mdynamic-no-pic -Wformat-security -arch x86_64 -arch i386 -isystem/Users/ariel/git/darling/Developer/Platforms/MacOSX.platform/Developer/SDKs/MacOSX.sdk/usr/include -isystem/Users/ariel/arch/build/darling/Developer/Platforms/MacOSX.platform/Developer/SDKs/MacOSX.sdk/usr/include -isystem/Users/ariel/git/darling/framework-include -DDARLING  conftest.c  >&5
configure:6544: $? = 0
configure:6547: test -s conftest
configure:6550: $? = 0
configure:6560: result: yes
configure:6498: checking for sigprocmask
configure:6541: /Users/ariel/private-bin/clang -o conftest -mdynamic-no-pic -Wformat-security -arch x86_64 -arch i386 -isystem/Users/ariel/git/darling/Developer/Platforms/MacOSX.platform/Developer/SDKs/MacOSX.sdk/usr/include -isystem/Users/ariel/arch/build/darling/Developer/Platforms/MacOSX.platform/Developer/SDKs/MacOSX.sdk/usr/include -isystem/Users/ariel/git/darling/framework-include -DDARLING  conftest.c  >&5
configure:6544: $? = 0
configure:6547: test -s conftest
configure:6550: $? = 0
configure:6560: result: yes
configure:6498: checking for sigsetmask
configure:6541: /Users/ariel/private-bin/clang -o conftest -mdynamic-no-pic -Wformat-security -arch x86_64 -arch i386 -isystem/Users/ariel/git/darling/Developer/Platforms/MacOSX.platform/Developer/SDKs/MacOSX.sdk/usr/include -isystem/Users/ariel/arch/build/darling/Developer/Platforms/MacOSX.platform/Developer/SDKs/MacOSX.sdk/usr/include -isystem/Users/ariel/git/darling/framework-include -DDARLING  conftest.c  >&5
configure:6544: $? = 0
configure:6547: test -s conftest
configure:6550: $? = 0
configure:6560: result: yes
configure:6498: checking for strerror
configure:6560: result: yes
configure:6578: checking for memchr
configure:6621: /Users/ariel/private-bin/clang -o conftest -mdynamic-no-pic -Wformat-security -arch x86_64 -arch i386 -isystem/Users/ariel/git/darling/Developer/Platforms/MacOSX.platform/Developer/SDKs/MacOSX.sdk/usr/include -isystem/Users/ariel/arch/build/darling/Developer/Platforms/MacOSX.platform/Developer/SDKs/MacOSX.sdk/usr/include -isystem/Users/ariel/git/darling/framework-include -DDARLING  conftest.c  >&5
configure:6593:6: warning: incompatible redeclaration of library function 'memchr' [-Wincompatible-library-redeclaration]
char memchr ();
     ^
configure:6593:6: note: 'memchr' is a builtin with type 'void *(const void *, int, unsigned long)'
1 warning generated.
configure:6624: $? = 0
configure:6627: test -s conftest
configure:6630: $? = 0
configure:6640: result: yes
configure:6578: checking for mkdir
configure:6621: /Users/ariel/private-bin/clang -o conftest -mdynamic-no-pic -Wformat-security -arch x86_64 -arch i386 -isystem/Users/ariel/git/darling/Developer/Platforms/MacOSX.platform/Developer/SDKs/MacOSX.sdk/usr/include -isystem/Users/ariel/arch/build/darling/Developer/Platforms/MacOSX.platform/Developer/SDKs/MacOSX.sdk/usr/include -isystem/Users/ariel/git/darling/framework-include -DDARLING  conftest.c  >&5
configure:6624: $? = 0
configure:6627: test -s conftest
configure:6630: $? = 0
configure:6640: result: yes
configure:6578: checking for rename
configure:6621: /Users/ariel/private-bin/clang -o conftest -mdynamic-no-pic -Wformat-security -arch x86_64 -arch i386 -isystem/Users/ariel/git/darling/Developer/Platforms/MacOSX.platform/Developer/SDKs/MacOSX.sdk/usr/include -isystem/Users/ariel/arch/build/darling/Developer/Platforms/MacOSX.platform/Developer/SDKs/MacOSX.sdk/usr/include -isystem/Users/ariel/git/darling/framework-include -DDARLING  conftest.c  >&5
configure:6624: $? = 0
configure:6627: test -s conftest
configure:6630: $? = 0
configure:6640: result: yes
configure:6578: checking for rmdir
configure:6621: /Users/ariel/private-bin/clang -o conftest -mdynamic-no-pic -Wformat-security -arch x86_64 -arch i386 -isystem/Users/ariel/git/darling/Developer/Platforms/MacOSX.platform/Developer/SDKs/MacOSX.sdk/usr/include -isystem/Users/ariel/arch/build/darling/Developer/Platforms/MacOSX.platform/Developer/SDKs/MacOSX.sdk/usr/include -isystem/Users/ariel/git/darling/framework-include -DDARLING  conftest.c  >&5
configure:6624: $? = 0
configure:6627: test -s conftest
configure:6630: $? = 0
configure:6640: result: yes
configure:6578: checking for strncasecmp
configure:6621: /Users/ariel/private-bin/clang -o conftest -mdynamic-no-pic -Wformat-security -arch x86_64 -arch i386 -isystem/Users/ariel/git/darling/Developer/Platforms/MacOSX.platform/Developer/SDKs/MacOSX.sdk/usr/include -isystem/Users/ariel/arch/build/darling/Developer/Platforms/MacOSX.platform/Developer/SDKs/MacOSX.sdk/usr/include -isystem/Users/ariel/git/darling/framework-include -DDARLING  conftest.c  >&5
configure:6593:6: warning: incompatible redeclaration of library function 'strncasecmp' [-Wincompatible-library-redeclaration]
char strncasecmp ();
     ^
configure:6593:6: note: 'strncasecmp' is a builtin with type 'int (const char *, const char *, unsigned long)'
1 warning generated.
configure:6624: $? = 0
configure:6627: test -s conftest
configure:6630: $? = 0
configure:6640: result: yes
configure:6653: checking for _LARGEFILE_SOURCE value needed for large files
configure:6679: /Users/ariel/private-bin/clang -c -mdynamic-no-pic -Wformat-security -arch x86_64 -arch i386 -isystem/Users/ariel/git/darling/Developer/Platforms/MacOSX.platform/Developer/SDKs/MacOSX.sdk/usr/include -isystem/Users/ariel/arch/build/darling/Developer/Platforms/MacOSX.platform/Developer/SDKs/MacOSX.sdk/usr/include -isystem/Users/ariel/git/darling/framework-include -DDARLING conftest.c >&5
configure:6671:9: warning: address of function 'fseeko' will always evaluate to 'true' [-Wpointer-bool-conversion]
return !fseeko;
       ~^~~~~~
configure:6671:9: note: prefix with the address-of operator to silence this warning
return !fseeko;
        ^
        &
1 warning generated.
configure:6682: $? = 0
configure:6685: test -s conftest.o
configure:6688: $? = 0
configure:6736: result: no
configure:6750: checking for fseeko
configure:6774: /Users/ariel/private-bin/clang -o conftest -mdynamic-no-pic -Wformat-security -arch x86_64 -arch i386 -isystem/Users/ariel/git/darling/Developer/Platforms/MacOSX.platform/Developer/SDKs/MacOSX.sdk/usr/include -isystem/Users/ariel/arch/build/darling/Developer/Platforms/MacOSX.platform/Developer/SDKs/MacOSX.sdk/usr/include -isystem/Users/ariel/git/darling/framework-include -DDARLING  conftest.c  >&5
configure:6766:8: warning: address of function 'fseeko' will always evaluate to 'true' [-Wpointer-bool-conversion]
return fseeko && fseeko (stdin, 0, 0);
       ^~~~~~ ~~
configure:6766:8: note: prefix with the address-of operator to silence this warning
return fseeko && fseeko (stdin, 0, 0);
       ^
       &
1 warning generated.
configure:6777: $? = 0
configure:6780: test -s conftest
configure:6783: $? = 0
configure:6793: result: yes
configure:6810: checking whether malloc(0) returns a non-NULL pointer
configure:6831: /Users/ariel/private-bin/clang -o conftest -mdynamic-no-pic -Wformat-security -arch x86_64 -arch i386 -isystem/Users/ariel/git/darling/Developer/Platforms/MacOSX.platform/Developer/SDKs/MacOSX.sdk/usr/include -isystem/Users/ariel/arch/build/darling/Developer/Platforms/MacOSX.platform/Developer/SDKs/MacOSX.sdk/usr/include -isystem/Users/ariel/git/darling/framework-include -DDARLING  conftest.c  >&5
configure:6820:11: warning: incompatible redeclaration of library function 'malloc' [-Wincompatible-library-redeclaration]
    char *malloc ();
          ^
configure:6820:11: note: 'malloc' is a builtin with type 'void *(unsigned long)'
configure:6824:7: warning: implicitly declaring library function 'exit' with type 'void (int) __attribute__((noreturn))' [-Wimplicit-function-declaration]
      exit (malloc (0) ? 0 : 1);
      ^
configure:6824:7: note: include the header <stdlib.h> or explicitly provide a declaration for 'exit'
2 warnings generated.
configure:6834: $? = 0
configure:6836: ./conftest
configure:6839: $? = 0
configure:6853: result: yes
configure:6871: checking whether realloc(0,0) returns a non-NULL pointer
configure:6892: /Users/ariel/private-bin/clang -o conftest -mdynamic-no-pic -Wformat-security -arch x86_64 -arch i386 -isystem/Users/ariel/git/darling/Developer/Platforms/MacOSX.platform/Developer/SDKs/MacOSX.sdk/usr/include -isystem/Users/ariel/arch/build/darling/Developer/Platforms/MacOSX.platform/Developer/SDKs/MacOSX.sdk/usr/include -isystem/Users/ariel/git/darling/framework-include -DDARLING  conftest.c  >&5
configure:6881:11: warning: incompatible redeclaration of library function 'realloc' [-Wincompatible-library-redeclaration]
    char *realloc ();
          ^
configure:6881:11: note: 'realloc' is a builtin with type 'void *(void *, unsigned long)'
configure:6885:7: warning: implicitly declaring library function 'exit' with type 'void (int) __attribute__((noreturn))' [-Wimplicit-function-declaration]
      exit (realloc (0, 0) ? 0 : 1);
      ^
configure:6885:7: note: include the header <stdlib.h> or explicitly provide a declaration for 'exit'
2 warnings generated.
configure:6895: $? = 0
configure:6897: ./conftest
configure:6900: $? = 0
configure:6914: result: yes
configure:6925: checking whether closedir returns void
configure:6957: /Users/ariel/private-bin/clang -o conftest -mdynamic-no-pic -Wformat-security -arch x86_64 -arch i386 -isystem/Users/ariel/git/darling/Developer/Platforms/MacOSX.platform/Developer/SDKs/MacOSX.sdk/usr/include -isystem/Users/ariel/arch/build/darling/Developer/Platforms/MacOSX.platform/Developer/SDKs/MacOSX.sdk/usr/include -isystem/Users/ariel/git/darling/framework-include -DDARLING  conftest.c  >&5
configure:6960: $? = 0
configure:6962: ./conftest
configure:6965: $? = 0
configure:6978: result: no
configure:6994: checking for fcntl.h
configure:6999: result: yes
configure:6994: checking for unistd.h
configure:6999: result: yes
configure:7103: checking for DOS-style setmode
configure:7133: /Users/ariel/private-bin/clang -o conftest -mdynamic-no-pic -Wformat-security -arch x86_64 -arch i386 -isystem/Users/ariel/git/darling/Developer/Platforms/MacOSX.platform/Developer/SDKs/MacOSX.sdk/usr/include -isystem/Users/ariel/arch/build/darling/Developer/Platforms/MacOSX.platform/Developer/SDKs/MacOSX.sdk/usr/include -isystem/Users/ariel/git/darling/framework-include -DDARLING  conftest.c  >&5
configure:7109:10: fatal error: 'io.h' file not found
#include <io.h>
         ^~~~~~
1 error generated.
configure:7136: $? = 1
configure: failed program was:
#line 7108 "configure"
#include "confdefs.h"
#include <io.h>
	 #if HAVE_FCNTL_H
	 # include <fcntl.h>
	 #endif
	 #if HAVE_UNISTD_H
	 # include <unistd.h>
	 #endif
#ifdef F77_DUMMY_MAIN
#  ifdef __cplusplus
     extern "C"
#  endif
   int F77_DUMMY_MAIN() { return 1; }
#endif
int
main ()
{
int ret = setmode && setmode (1, O_BINARY);
  ;
  return 0;
}
configure:7152: result: no
configure:7165: checking for vprintf
configure:7227: result: yes
configure:7234: checking for _doprnt
configure:7277: /Users/ariel/private-bin/clang -o conftest -mdynamic-no-pic -Wformat-security -arch x86_64 -arch i386 -isystem/Users/ariel/git/darling/Developer/Platforms/MacOSX.platform/Developer/SDKs/MacOSX.sdk/usr/include -isystem/Users/ariel/arch/build/darling/Developer/Platforms/MacOSX.platform/Developer/SDKs/MacOSX.sdk/usr/include -isystem/Users/ariel/git/darling/framework-include -DDARLING  conftest.c  >&5
Undefined symbols for architecture x86_64:
  "__doprnt", referenced from:
      _main in conftest-dc74ea.o
ld: symbol(s) not found for architecture x86_64
clang: error: linker command failed with exit code 1 (use -v to see invocation)
configure:7280: $? = 1
configure: failed program was:
#line 7239 "configure"
#include "confdefs.h"
/* System header to define __stub macros and hopefully few prototypes,
    which can conflict with char _doprnt (); below.  */
#include <assert.h>
/* Override any gcc2 internal prototype to avoid an error.  */
#ifdef __cplusplus
extern "C"
#endif
/* We use char because int might match the return type of a gcc2
   builtin and then its argument prototype would still apply.  */
char _doprnt ();
char (*f) ();

#ifdef F77_DUMMY_MAIN
#  ifdef __cplusplus
     extern "C"
#  endif
   int F77_DUMMY_MAIN() { return 1; }
#endif
int
main ()
{
/* The GNU C library defines this for functions which it implements
    to always fail with ENOSYS.  Some functions are actually named
    something starting with __ and the normal name is an alias.  */
#if defined (__stub__doprnt) || defined (__stub____doprnt)
choke me
#else
f = _doprnt;
#endif

  ;
  return 0;
}
configure:7296: result: no
configure:7314: checking for mkdir
configure:7376: result: yes
configure:7386: checking whether mkdir takes only one argument
configure:7415: /Users/ariel/private-bin/clang -c -mdynamic-no-pic -Wformat-security -arch x86_64 -arch i386 -isystem/Users/ariel/git/darling/Developer/Platforms/MacOSX.platform/Developer/SDKs/MacOSX.sdk/usr/include -isystem/Users/ariel/arch/build/darling/Developer/Platforms/MacOSX.platform/Developer/SDKs/MacOSX.sdk/usr/include -isystem/Users/ariel/git/darling/framework-include -DDARLING conftest.c >&5
configure:7418: $? = 0
configure:7421: test -s conftest.o
configure:7424: $? = 0
configure:7477: result: no
configure:7489: checking for long file names
configure:7528: result: yes
configure:7538: checking for d_ino member in directory struct
configure:7578: /Users/ariel/private-bin/clang -o conftest -mdynamic-no-pic -Wformat-security -arch x86_64 -arch i386 -isystem/Users/ariel/git/darling/Developer/Platforms/MacOSX.platform/Developer/SDKs/MacOSX.sdk/usr/include -isystem/Users/ariel/arch/build/darling/Developer/Platforms/MacOSX.platform/Developer/SDKs/MacOSX.sdk/usr/include -isystem/Users/ariel/git/darling/framework-include -DDARLING  conftest.c  >&5
configure:7581: $? = 0
configure:7584: test -s conftest
configure:7587: $? = 0
configure:7599: result: yes
configure:7692: creating ./config.status

## ---------------------- ##
## Running config.status. ##
## ---------------------- ##

This file was extended by patch config.status 2.5.8, which was
generated by GNU Autoconf 2.53.  Invocation command line was

  CONFIG_FILES    = 
  CONFIG_HEADERS  = 
  CONFIG_LINKS    = 
  CONFIG_COMMANDS = 
  $ ./config.status 

on ARI-PAVILION.cfl.rr.com

config.status:574: creating Makefile
config.status:671: creating config.h

## ---------------- ##
## Cache variables. ##
## ---------------- ##

ac_cv_c_backslash_a=yes
ac_cv_c_compiler_gnu=yes
ac_cv_c_const=yes
ac_cv_env_CC_set=set
ac_cv_env_CC_value=/Users/ariel/private-bin/clang
ac_cv_env_CFLAGS_set=set
ac_cv_env_CFLAGS_value='-mdynamic-no-pic -Wformat-security'
ac_cv_env_CPPFLAGS_set=set
ac_cv_env_CPPFLAGS_value='-arch x86_64 -arch i386 -isystem/Users/ariel/git/darling/Developer/Platforms/MacOSX.platform/Developer/SDKs/MacOSX.sdk/usr/include -isystem/Users/ariel/arch/build/darling/Developer/Platforms/MacOSX.platform/Developer/SDKs/MacOSX.sdk/usr/include -isystem/Users/ariel/git/darling/framework-include -DDARLING'
ac_cv_env_CPP_set=
ac_cv_env_CPP_value=
ac_cv_env_LDFLAGS_set=
ac_cv_env_LDFLAGS_value=
ac_cv_env_build_alias_set=
ac_cv_env_build_alias_value=
ac_cv_env_host_alias_set=
ac_cv_env_host_alias_value=
ac_cv_env_target_alias_set=
ac_cv_env_target_alias_value=
ac_cv_exeext=
ac_cv_func__doprintf=no
ac_cv_func__doprnt=no
ac_cv_func_closedir_void=no
ac_cv_func_doprnt=no
ac_cv_func_fseeko=yes
ac_cv_func_geteuid=yes
ac_cv_func_getuid=yes
ac_cv_func_isascii=yes
ac_cv_func_iswprint=yes
ac_cv_func_memchr=yes
ac_cv_func_memcmp=yes
ac_cv_func_mkdir=yes
ac_cv_func_mktemp=yes
ac_cv_func_pathconf=yes
ac_cv_func_raise=yes
ac_cv_func_rename=yes
ac_cv_func_rmdir=yes
ac_cv_func_setmode_dos=no
ac_cv_func_sigaction=yes
ac_cv_func_sigprocmask=yes
ac_cv_func_sigsetmask=yes
ac_cv_func_strerror=yes
ac_cv_func_strerror_r=yes
ac_cv_func_strerror_r_char_p=no
ac_cv_func_strncasecmp=yes
ac_cv_func_vprintf=yes
ac_cv_have_decl_free=yes
ac_cv_have_decl_getenv=yes
ac_cv_have_decl_malloc=yes
ac_cv_have_decl_mktemp=yes
ac_cv_have_decl_strerror=yes
ac_cv_have_decl_strerror_r=yes
ac_cv_header_bp_sym_h=no
ac_cv_header_dirent_dirent_h=yes
ac_cv_header_fcntl_h=yes
ac_cv_header_inttypes_h=yes
ac_cv_header_limits_h=yes
ac_cv_header_memory_h=yes
ac_cv_header_minix_config_h=no
ac_cv_header_stdc=yes
ac_cv_header_stddef_h=yes
ac_cv_header_stdint_h=yes
ac_cv_header_stdlib_h=yes
ac_cv_header_string_h=yes
ac_cv_header_strings_h=yes
ac_cv_header_sys_stat_h=yes
ac_cv_header_sys_types_h=yes
ac_cv_header_time=yes
ac_cv_header_unistd_h=yes
ac_cv_header_utime_h=yes
ac_cv_header_varargs_h=no
ac_cv_header_wchar_h=yes
ac_cv_header_wctype_h=yes
ac_cv_objext=o
ac_cv_path_ed_PROGRAM=/bin/ed
ac_cv_path_install='/usr/bin/install -c'
ac_cv_prog_CPP='/Users/ariel/private-bin/clang -E'
ac_cv_prog_ac_ct_CC=/Users/ariel/private-bin/clang
ac_cv_prog_cc_g=yes
ac_cv_prog_cc_stdc=
ac_cv_prog_make_make_set=yes
ac_cv_search_opendir='none required'
ac_cv_search_strerror='none required'
ac_cv_sys_file_offset_bits=no
ac_cv_sys_large_files=no
ac_cv_sys_largefile_CC=no
ac_cv_sys_largefile_source=no
ac_cv_sys_long_file_names=yes
ac_cv_type_mbstate_t=yes
ac_cv_type_mode_t=yes
ac_cv_type_off_t=yes
ac_cv_type_pid_t=yes
ac_cv_type_signal=void
ac_cv_type_size_t=yes
fu_cv_sys_struct_utimbuf=yes
jm_cv_func_mbrtowc=yes
jm_cv_func_working_malloc=yes
jm_cv_func_working_realloc=yes
jm_cv_struct_dirent_d_ino=yes
patch_cv_mkdir_takes_one_arg=no

## ----------- ##
## confdefs.h. ##
## ----------- ##

#define PACKAGE_NAME "patch"
#define PACKAGE_TARNAME "patch"
#define PACKAGE_VERSION "2.5.8"
#define PACKAGE_STRING "patch 2.5.8"
#define PACKAGE_BUGREPORT "bug-patch@gnu.org"
#define STDC_HEADERS 1
#define HAVE_SYS_TYPES_H 1
#define HAVE_SYS_STAT_H 1
#define HAVE_STDLIB_H 1
#define HAVE_STRING_H 1
#define HAVE_MEMORY_H 1
#define HAVE_STRINGS_H 1
#define HAVE_INTTYPES_H 1
#define HAVE_STDINT_H 1
#define HAVE_UNISTD_H 1
#define PROTOTYPES 1
#define __PROTOTYPES 1
#define HAVE_DIRENT_H 1
#define STDC_HEADERS 1
#define HAVE_FCNTL_H 1
#define HAVE_LIMITS_H 1
#define HAVE_STRING_H 1
#define HAVE_UNISTD_H 1
#define HAVE_UTIME_H 1
#define RETSIGTYPE void
#define TIME_WITH_SYS_TIME 1
#define HAVE_UTIME_H 1
#define HAVE_STRUCT_UTIMBUF 1
#define HAVE_LONG_FILE_NAMES 1
#define HAVE_PATHCONF 1
#define HAVE_LIMITS_H 1
#define HAVE_STRING_H 1
#define HAVE_UNISTD_H 1
#define STDC_HEADERS 1
#define HAVE_STRING_H 1
#define HAVE_STRERROR 1
#define HAVE_VPRINTF 1
#define HAVE_DECL_STRERROR 1
#define HAVE_DECL_STRERROR_R 1
#define HAVE_STRERROR_R 1
#define STDC_HEADERS 1
#define HAVE_LIMITS_H 1
#define HAVE_STDLIB_H 1
#define HAVE_ISASCII 1
#define HAVE_ISWPRINT 1
#define HAVE_MBRTOWC 1
#define HAVE_LIMITS_H 1
#define HAVE_STDDEF_H 1
#define HAVE_STDLIB_H 1
#define HAVE_STRING_H 1
#define HAVE_WCHAR_H 1
#define HAVE_WCTYPE_H 1
#define STDC_HEADERS 1
#define HAVE_C_BACKSLASH_A 1
#define HAVE_STDLIB_H 1
#define HAVE_MBSTATE_T 1
#define PROTOTYPES 1
#define __PROTOTYPES 1
#define HAVE_DECL_FREE 1
#define HAVE_DECL_GETENV 1
#define HAVE_DECL_MALLOC 1
#define HAVE_DECL_MKTEMP 1
#define HAVE_GETEUID 1
#define HAVE_GETUID 1
#define HAVE_ISASCII 1
#define HAVE_MEMCMP 1
#define HAVE_MKTEMP 1
#define HAVE_PATHCONF 1
#define HAVE_RAISE 1
#define HAVE_SIGACTION 1
#define HAVE_SIGPROCMASK 1
#define HAVE_SIGSETMASK 1
#define HAVE_STRERROR 1
#define HAVE_MEMCHR 1
#define HAVE_MKDIR 1
#define HAVE_RENAME 1
#define HAVE_RMDIR 1
#define HAVE_STRNCASECMP 1
#define HAVE_FSEEKO 1
#define HAVE_DONE_WORKING_MALLOC_CHECK 1
#define HAVE_DONE_WORKING_REALLOC_CHECK 1
#define HAVE_FCNTL_H 1
#define HAVE_UNISTD_H 1
#define HAVE_VPRINTF 1
#define HAVE_MKDIR 1
#define HAVE_LONG_FILE_NAMES 1
#define D_INO_IN_DIRENT 1

configure: exit 0
