cat ../patch/m4/c-bs-a.m4 ../patch/m4/d-ino.m4 ../patch/m4/error.m4 ../patch/m4/jm-glibc-io.m4 ../patch/m4/malloc.m4 ../patch/m4/mbstate_t.m4 ../patch/m4/mkdir.m4 ../patch/m4/mbrtowc.m4 ../patch/m4/prereq.m4 ../patch/m4/realloc.m4 ../patch/m4/setmode.m4 ../patch/m4/utimbuf.m4 >../patch/aclocal.m4
/Users/ariel/private-bin/clang -c -arch x86_64 -arch i386 -isystem/Users/ariel/git/darling/Developer/Platforms/MacOSX.platform/Developer/SDKs/MacOSX.sdk/usr/include -isystem/Users/ariel/arch/build/darling/Developer/Platforms/MacOSX.platform/Developer/SDKs/MacOSX.sdk/usr/include -isystem/Users/ariel/git/darling/framework-include -DDARLING -DHAVE_CONFIG_H -Ded_PROGRAM=\"/bin/ed\" -I. -I../patch -mdynamic-no-pic -Wformat-security ../patch/addext.c
/Users/ariel/private-bin/clang -c -arch x86_64 -arch i386 -isystem/Users/ariel/git/darling/Developer/Platforms/MacOSX.platform/Developer/SDKs/MacOSX.sdk/usr/include -isystem/Users/ariel/arch/build/darling/Developer/Platforms/MacOSX.platform/Developer/SDKs/MacOSX.sdk/usr/include -isystem/Users/ariel/git/darling/framework-include -DDARLING -DHAVE_CONFIG_H -Ded_PROGRAM=\"/bin/ed\" -I. -I../patch -mdynamic-no-pic -Wformat-security ../patch/argmatch.c
/Users/ariel/private-bin/clang -c -arch x86_64 -arch i386 -isystem/Users/ariel/git/darling/Developer/Platforms/MacOSX.platform/Developer/SDKs/MacOSX.sdk/usr/include -isystem/Users/ariel/arch/build/darling/Developer/Platforms/MacOSX.platform/Developer/SDKs/MacOSX.sdk/usr/include -isystem/Users/ariel/git/darling/framework-include -DDARLING -DHAVE_CONFIG_H -Ded_PROGRAM=\"/bin/ed\" -I. -I../patch -mdynamic-no-pic -Wformat-security ../patch/backupfile.c
/Users/ariel/private-bin/clang -c -arch x86_64 -arch i386 -isystem/Users/ariel/git/darling/Developer/Platforms/MacOSX.platform/Developer/SDKs/MacOSX.sdk/usr/include -isystem/Users/ariel/arch/build/darling/Developer/Platforms/MacOSX.platform/Developer/SDKs/MacOSX.sdk/usr/include -isystem/Users/ariel/git/darling/framework-include -DDARLING -DHAVE_CONFIG_H -Ded_PROGRAM=\"/bin/ed\" -I. -I../patch -mdynamic-no-pic -Wformat-security ../patch/basename.c
/Users/ariel/private-bin/clang -c -arch x86_64 -arch i386 -isystem/Users/ariel/git/darling/Developer/Platforms/MacOSX.platform/Developer/SDKs/MacOSX.sdk/usr/include -isystem/Users/ariel/arch/build/darling/Developer/Platforms/MacOSX.platform/Developer/SDKs/MacOSX.sdk/usr/include -isystem/Users/ariel/git/darling/framework-include -DDARLING -DHAVE_CONFIG_H -Ded_PROGRAM=\"/bin/ed\" -I. -I../patch -mdynamic-no-pic -Wformat-security ../patch/dirname.c
/Users/ariel/private-bin/clang -c -arch x86_64 -arch i386 -isystem/Users/ariel/git/darling/Developer/Platforms/MacOSX.platform/Developer/SDKs/MacOSX.sdk/usr/include -isystem/Users/ariel/arch/build/darling/Developer/Platforms/MacOSX.platform/Developer/SDKs/MacOSX.sdk/usr/include -isystem/Users/ariel/git/darling/framework-include -DDARLING -DHAVE_CONFIG_H -Ded_PROGRAM=\"/bin/ed\" -I. -I../patch -mdynamic-no-pic -Wformat-security ../patch/error.c
/Users/ariel/private-bin/clang -c -arch x86_64 -arch i386 -isystem/Users/ariel/git/darling/Developer/Platforms/MacOSX.platform/Developer/SDKs/MacOSX.sdk/usr/include -isystem/Users/ariel/arch/build/darling/Developer/Platforms/MacOSX.platform/Developer/SDKs/MacOSX.sdk/usr/include -isystem/Users/ariel/git/darling/framework-include -DDARLING -DHAVE_CONFIG_H -Ded_PROGRAM=\"/bin/ed\" -I. -I../patch -mdynamic-no-pic -Wformat-security ../patch/exitfail.c
/Users/ariel/private-bin/clang -c -arch x86_64 -arch i386 -isystem/Users/ariel/git/darling/Developer/Platforms/MacOSX.platform/Developer/SDKs/MacOSX.sdk/usr/include -isystem/Users/ariel/arch/build/darling/Developer/Platforms/MacOSX.platform/Developer/SDKs/MacOSX.sdk/usr/include -isystem/Users/ariel/git/darling/framework-include -DDARLING -DHAVE_CONFIG_H -Ded_PROGRAM=\"/bin/ed\" -I. -I../patch -mdynamic-no-pic -Wformat-security ../patch/getopt.c
/Users/ariel/private-bin/clang -c -arch x86_64 -arch i386 -isystem/Users/ariel/git/darling/Developer/Platforms/MacOSX.platform/Developer/SDKs/MacOSX.sdk/usr/include -isystem/Users/ariel/arch/build/darling/Developer/Platforms/MacOSX.platform/Developer/SDKs/MacOSX.sdk/usr/include -isystem/Users/ariel/git/darling/framework-include -DDARLING -DHAVE_CONFIG_H -Ded_PROGRAM=\"/bin/ed\" -I. -I../patch -mdynamic-no-pic -Wformat-security ../patch/getopt1.c
/Users/ariel/private-bin/clang -c -arch x86_64 -arch i386 -isystem/Users/ariel/git/darling/Developer/Platforms/MacOSX.platform/Developer/SDKs/MacOSX.sdk/usr/include -isystem/Users/ariel/arch/build/darling/Developer/Platforms/MacOSX.platform/Developer/SDKs/MacOSX.sdk/usr/include -isystem/Users/ariel/git/darling/framework-include -DDARLING -DHAVE_CONFIG_H -Ded_PROGRAM=\"/bin/ed\" -I. -I../patch -mdynamic-no-pic -Wformat-security ../patch/inp.c
/Users/ariel/private-bin/clang -c -arch x86_64 -arch i386 -isystem/Users/ariel/git/darling/Developer/Platforms/MacOSX.platform/Developer/SDKs/MacOSX.sdk/usr/include -isystem/Users/ariel/arch/build/darling/Developer/Platforms/MacOSX.platform/Developer/SDKs/MacOSX.sdk/usr/include -isystem/Users/ariel/git/darling/framework-include -DDARLING -DHAVE_CONFIG_H -Ded_PROGRAM=\"/bin/ed\" -I. -I../patch -mdynamic-no-pic -Wformat-security ../patch/maketime.c
/Users/ariel/private-bin/clang -c -arch x86_64 -arch i386 -isystem/Users/ariel/git/darling/Developer/Platforms/MacOSX.platform/Developer/SDKs/MacOSX.sdk/usr/include -isystem/Users/ariel/arch/build/darling/Developer/Platforms/MacOSX.platform/Developer/SDKs/MacOSX.sdk/usr/include -isystem/Users/ariel/git/darling/framework-include -DDARLING -DHAVE_CONFIG_H -Ded_PROGRAM=\"/bin/ed\" -I. -I../patch -mdynamic-no-pic -Wformat-security ../patch/partime.c
/Users/ariel/private-bin/clang -c -arch x86_64 -arch i386 -isystem/Users/ariel/git/darling/Developer/Platforms/MacOSX.platform/Developer/SDKs/MacOSX.sdk/usr/include -isystem/Users/ariel/arch/build/darling/Developer/Platforms/MacOSX.platform/Developer/SDKs/MacOSX.sdk/usr/include -isystem/Users/ariel/git/darling/framework-include -DDARLING -DHAVE_CONFIG_H -Ded_PROGRAM=\"/bin/ed\" -I. -I../patch -mdynamic-no-pic -Wformat-security ../patch/patch.c
../patch/patch.c:318:11: warning: adding 'int' to a string does not append to the string [-Wstring-plus-int]
                           "s" + (last_offset == 1));
                           ~~~~^~~~~~~~~~~~~~~~~~~~
../patch/patch.c:318:11: note: use array indexing to silence this warning
                           "s" + (last_offset == 1));
                               ^
                           &   [                   ]
../patch/patch.c:420:55: warning: adding 'int' to a string does not append to the string [-Wstring-plus-int]
            say ("%d out of %d hunk%s %s", failed, hunk, "s" + (hunk == 1),
                                                         ~~~~^~~~~~~~~~~~~
../patch/patch.c:420:55: note: use array indexing to silence this warning
            say ("%d out of %d hunk%s %s", failed, hunk, "s" + (hunk == 1),
                                                             ^
                                                         &   [            ]
2 warnings generated.
/Users/ariel/private-bin/clang -c -arch x86_64 -arch i386 -isystem/Users/ariel/git/darling/Developer/Platforms/MacOSX.platform/Developer/SDKs/MacOSX.sdk/usr/include -isystem/Users/ariel/arch/build/darling/Developer/Platforms/MacOSX.platform/Developer/SDKs/MacOSX.sdk/usr/include -isystem/Users/ariel/git/darling/framework-include -DDARLING -DHAVE_CONFIG_H -Ded_PROGRAM=\"/bin/ed\" -I. -I../patch -mdynamic-no-pic -Wformat-security ../patch/pch.c
/Users/ariel/private-bin/clang -c -arch x86_64 -arch i386 -isystem/Users/ariel/git/darling/Developer/Platforms/MacOSX.platform/Developer/SDKs/MacOSX.sdk/usr/include -isystem/Users/ariel/arch/build/darling/Developer/Platforms/MacOSX.platform/Developer/SDKs/MacOSX.sdk/usr/include -isystem/Users/ariel/git/darling/framework-include -DDARLING -DHAVE_CONFIG_H -Ded_PROGRAM=\"/bin/ed\" -I. -I../patch -mdynamic-no-pic -Wformat-security ../patch/quote.c
/Users/ariel/private-bin/clang -c -arch x86_64 -arch i386 -isystem/Users/ariel/git/darling/Developer/Platforms/MacOSX.platform/Developer/SDKs/MacOSX.sdk/usr/include -isystem/Users/ariel/arch/build/darling/Developer/Platforms/MacOSX.platform/Developer/SDKs/MacOSX.sdk/usr/include -isystem/Users/ariel/git/darling/framework-include -DDARLING -DHAVE_CONFIG_H -Ded_PROGRAM=\"/bin/ed\" -I. -I../patch -mdynamic-no-pic -Wformat-security ../patch/quotearg.c
/Users/ariel/private-bin/clang -c -arch x86_64 -arch i386 -isystem/Users/ariel/git/darling/Developer/Platforms/MacOSX.platform/Developer/SDKs/MacOSX.sdk/usr/include -isystem/Users/ariel/arch/build/darling/Developer/Platforms/MacOSX.platform/Developer/SDKs/MacOSX.sdk/usr/include -isystem/Users/ariel/git/darling/framework-include -DDARLING -DHAVE_CONFIG_H -Ded_PROGRAM=\"/bin/ed\" -I. -I../patch -mdynamic-no-pic -Wformat-security ../patch/quotesys.c
/Users/ariel/private-bin/clang -c -arch x86_64 -arch i386 -isystem/Users/ariel/git/darling/Developer/Platforms/MacOSX.platform/Developer/SDKs/MacOSX.sdk/usr/include -isystem/Users/ariel/arch/build/darling/Developer/Platforms/MacOSX.platform/Developer/SDKs/MacOSX.sdk/usr/include -isystem/Users/ariel/git/darling/framework-include -DDARLING -DHAVE_CONFIG_H -Ded_PROGRAM=\"/bin/ed\" -I. -I../patch -mdynamic-no-pic -Wformat-security ../patch/util.c
../patch/util.c:198:18: warning: use of logical '&&' with constant operand [-Wconstant-logical-operand]
  if (! (O_CREAT && O_TRUNC))
                 ^  ~~~~~~~
../patch/util.c:198:18: note: use '&' for a bitwise operation
  if (! (O_CREAT && O_TRUNC))
                 ^~
                 &
../patch/util.c:198:18: note: remove constant to silence this warning
  if (! (O_CREAT && O_TRUNC))
                ~^~~~~~~~~~
1 warning generated.
/Users/ariel/private-bin/clang -c -arch x86_64 -arch i386 -isystem/Users/ariel/git/darling/Developer/Platforms/MacOSX.platform/Developer/SDKs/MacOSX.sdk/usr/include -isystem/Users/ariel/arch/build/darling/Developer/Platforms/MacOSX.platform/Developer/SDKs/MacOSX.sdk/usr/include -isystem/Users/ariel/git/darling/framework-include -DDARLING -DHAVE_CONFIG_H -Ded_PROGRAM=\"/bin/ed\" -I. -I../patch -mdynamic-no-pic -Wformat-security ../patch/version.c
/Users/ariel/private-bin/clang -c -arch x86_64 -arch i386 -isystem/Users/ariel/git/darling/Developer/Platforms/MacOSX.platform/Developer/SDKs/MacOSX.sdk/usr/include -isystem/Users/ariel/arch/build/darling/Developer/Platforms/MacOSX.platform/Developer/SDKs/MacOSX.sdk/usr/include -isystem/Users/ariel/git/darling/framework-include -DDARLING -DHAVE_CONFIG_H -Ded_PROGRAM=\"/bin/ed\" -I. -I../patch -mdynamic-no-pic -Wformat-security ../patch/xmalloc.c
/Users/ariel/private-bin/clang -o patch -mdynamic-no-pic -Wformat-security   addext.o argmatch.o backupfile.o basename.o dirname.o error.o exitfail.o getopt.o getopt1.o inp.o maketime.o partime.o patch.o pch.o quote.o quotearg.o quotesys.o util.o version.o xmalloc.o 
